# JRE version: OpenJDK Runtime Environment (11.0.8+10) (build 11.0.8+10-b944.6842174)
# Java VM: OpenJDK 64-Bit Server VM (11.0.8+10-b944.6842174, mixed mode, tiered, compressed oops, g1 gc, windows-amd64)
Heap:
 garbage-first heap   total 427008K, used 143360K [0x0000000080000000, 0x0000000100000000)
  region size 1024K, 2 young (2048K), 2 survivors (2048K)
 Metaspace       used 96217K, capacity 98439K, committed 98684K, reserved 1134592K
  class space    used 12457K, capacity 13271K, committed 13312K, reserved 1048576K
GC Heap History (20 events):
Event: 27.781 GC heap after
{Heap after GC invocations=42 (full 0):
 garbage-first heap   total 167936K, used 99443K [0x0000000080000000, 0x0000000100000000)
  region size 1024K, 4 young (4096K), 4 survivors (4096K)
 Metaspace       used 86712K, capacity 88789K, committed 89084K, reserved 1126400K
  class space    used 11100K, capacity 11861K, committed 11904K, reserved 1048576K
}
Event: 27.832 GC heap before
{Heap before GC invocations=42 (full 0):
 garbage-first heap   total 167936K, used 103539K [0x0000000080000000, 0x0000000100000000)
  region size 1024K, 8 young (8192K), 4 survivors (4096K)
 Metaspace       used 86940K, capacity 89057K, committed 89212K, reserved 1126400K
  class space    used 11144K, capacity 11929K, committed 12032K, reserved 1048576K
}
Event: 27.851 GC heap after
{Heap after GC invocations=43 (full 0):
 garbage-first heap   total 202752K, used 86449K [0x0000000080000000, 0x0000000100000000)
  region size 1024K, 1 young (1024K), 1 survivors (1024K)
 Metaspace       used 86940K, capacity 89057K, committed 89212K, reserved 1126400K
  class space    used 11144K, capacity 11929K, committed 12032K, reserved 1048576K
}
Event: 28.216 GC heap before
{Heap before GC invocations=43 (full 0):
 garbage-first heap   total 202752K, used 134577K [0x0000000080000000, 0x0000000100000000)
  region size 1024K, 49 young (50176K), 1 survivors (1024K)
 Metaspace       used 89238K, capacity 91346K, committed 91516K, reserved 1128448K
  class space    used 11454K, capacity 12244K, committed 12288K, reserved 1048576K
}
Event: 28.223 GC heap after
{Heap after GC invocations=44 (full 0):
 garbage-first heap   total 202752K, used 88340K [0x0000000080000000, 0x0000000100000000)
  region size 1024K, 3 young (3072K), 3 survivors (3072K)
 Metaspace       used 89238K, capacity 91346K, committed 91516K, reserved 1128448K
  class space    used 11454K, capacity 12244K, committed 12288K, reserved 1048576K
}
Event: 28.717 GC heap before
{Heap before GC invocations=44 (full 0):
 garbage-first heap   total 202752K, used 149780K [0x0000000080000000, 0x0000000100000000)
  region size 1024K, 64 young (65536K), 3 survivors (3072K)
 Metaspace       used 90683K, capacity 92814K, committed 92924K, reserved 1130496K
  class space    used 11611K, capacity 12410K, committed 12416K, reserved 1048576K
}
Event: 28.730 GC heap after
{Heap after GC invocations=45 (full 0):
 garbage-first heap   total 202752K, used 93100K [0x0000000080000000, 0x0000000100000000)
  region size 1024K, 7 young (7168K), 7 survivors (7168K)
 Metaspace       used 90683K, capacity 92814K, committed 92924K, reserved 1130496K
  class space    used 11611K, capacity 12410K, committed 12416K, reserved 1048576K
}
Event: 28.817 GC heap before
{Heap before GC invocations=45 (full 0):
 garbage-first heap   total 202752K, used 106412K [0x0000000080000000, 0x0000000100000000)
  region size 1024K, 17 young (17408K), 7 survivors (7168K)
 Metaspace       used 90913K, capacity 93030K, committed 93180K, reserved 1130496K
  class space    used 11628K, capacity 12414K, committed 12416K, reserved 1048576K
}
Event: 28.839 GC heap after
{Heap after GC invocations=46 (full 0):
 garbage-first heap   total 202752K, used 101979K [0x0000000080000000, 0x0000000100000000)
  region size 1024K, 4 young (4096K), 4 survivors (4096K)
 Metaspace       used 90913K, capacity 93030K, committed 93180K, reserved 1130496K
  class space    used 11628K, capacity 12414K, committed 12416K, reserved 1048576K
}
Event: 29.477 GC heap before
{Heap before GC invocations=47 (full 0):
 garbage-first heap   total 202752K, used 147035K [0x0000000080000000, 0x0000000100000000)
  region size 1024K, 43 young (44032K), 4 survivors (4096K)
 Metaspace       used 93728K, capacity 95936K, committed 96252K, reserved 1132544K
  class space    used 12035K, capacity 12854K, committed 12928K, reserved 1048576K
}
Event: 29.488 GC heap after
{Heap after GC invocations=48 (full 0):
 garbage-first heap   total 202752K, used 110592K [0x0000000080000000, 0x0000000100000000)
  region size 1024K, 6 young (6144K), 6 survivors (6144K)
 Metaspace       used 93728K, capacity 95936K, committed 96252K, reserved 1132544K
  class space    used 12035K, capacity 12854K, committed 12928K, reserved 1048576K
}
Event: 29.506 GC heap before
{Heap before GC invocations=48 (full 0):
 garbage-first heap   total 202752K, used 113664K [0x0000000080000000, 0x0000000100000000)
  region size 1024K, 9 young (9216K), 6 survivors (6144K)
 Metaspace       used 93734K, capacity 95936K, committed 96252K, reserved 1132544K
  class space    used 12035K, capacity 12854K, committed 12928K, reserved 1048576K
}
Event: 29.515 GC heap after
{Heap after GC invocations=49 (full 0):
 garbage-first heap   total 246784K, used 110241K [0x0000000080000000, 0x0000000100000000)
  region size 1024K, 2 young (2048K), 2 survivors (2048K)
 Metaspace       used 93734K, capacity 95936K, committed 96252K, reserved 1132544K
  class space    used 12035K, capacity 12854K, committed 12928K, reserved 1048576K
}
Event: 29.780 GC heap before
{Heap before GC invocations=49 (full 0):
 garbage-first heap   total 246784K, used 164513K [0x0000000080000000, 0x0000000100000000)
  region size 1024K, 56 young (57344K), 2 survivors (2048K)
 Metaspace       used 94172K, capacity 96337K, committed 96508K, reserved 1132544K
  class space    used 12087K, capacity 12902K, committed 12928K, reserved 1048576K
}
Event: 29.805 GC heap after
{Heap after GC invocations=50 (full 0):
 garbage-first heap   total 246784K, used 120652K [0x0000000080000000, 0x0000000100000000)
  region size 1024K, 7 young (7168K), 7 survivors (7168K)
 Metaspace       used 94172K, capacity 96337K, committed 96508K, reserved 1132544K
  class space    used 12087K, capacity 12902K, committed 12928K, reserved 1048576K
}
Event: 29.833 GC heap before
{Heap before GC invocations=50 (full 0):
 garbage-first heap   total 246784K, used 123724K [0x0000000080000000, 0x0000000100000000)
  region size 1024K, 11 young (11264K), 7 survivors (7168K)
 Metaspace       used 94172K, capacity 96337K, committed 96508K, reserved 1132544K
  class space    used 12087K, capacity 12902K, committed 12928K, reserved 1048576K
}
Event: 29.854 GC heap after
{Heap after GC invocations=51 (full 0):
 garbage-first heap   total 246784K, used 122560K [0x0000000080000000, 0x0000000100000000)
  region size 1024K, 2 young (2048K), 2 survivors (2048K)
 Metaspace       used 94172K, capacity 96337K, committed 96508K, reserved 1132544K
  class space    used 12087K, capacity 12902K, committed 12928K, reserved 1048576K
}
Event: 30.516 GC heap before
{Heap before GC invocations=52 (full 0):
 garbage-first heap   total 246784K, used 164544K [0x0000000080000000, 0x0000000100000000)
  region size 1024K, 41 young (41984K), 2 survivors (2048K)
 Metaspace       used 96211K, capacity 98439K, committed 98684K, reserved 1134592K
  class space    used 12457K, capacity 13271K, committed 13312K, reserved 1048576K
}
Event: 30.562 GC heap after
{Heap after GC invocations=53 (full 0):
 garbage-first heap   total 246784K, used 140876K [0x0000000080000000, 0x0000000100000000)
  region size 1024K, 6 young (6144K), 6 survivors (6144K)
 Metaspace       used 96211K, capacity 98439K, committed 98684K, reserved 1134592K
  class space    used 12457K, capacity 13271K, committed 13312K, reserved 1048576K
}
Event: 30.602 GC heap before
{Heap before GC invocations=53 (full 0):
 garbage-first heap   total 246784K, used 147020K [0x0000000080000000, 0x0000000100000000)
  region size 1024K, 12 young (12288K), 6 survivors (6144K)
 Metaspace       used 96217K, capacity 98439K, committed 98684K, reserved 1134592K
  class space    used 12457K, capacity 13271K, committed 13312K, reserved 1048576K
}

