# JRE version: OpenJDK Runtime Environment (11.0.8+10) (build 11.0.8+10-b944.6842174)
# Java VM: OpenJDK 64-Bit Server VM (11.0.8+10-b944.6842174, mixed mode, tiered, compressed oops, g1 gc, windows-amd64)
Heap:
 garbage-first heap   total 259072K, used 115011K [0x0000000080000000, 0x0000000100000000)
  region size 1024K, 6 young (6144K), 6 survivors (6144K)
 Metaspace       used 85155K, capacity 87292K, committed 87456K, reserved 1124352K
  class space    used 10843K, capacity 11593K, committed 11724K, reserved 1048576K
GC Heap History (20 events):
Event: 12.132 GC heap after
{Heap after GC invocations=24 (full 0):
 garbage-first heap   total 138240K, used 59018K [0x0000000080000000, 0x0000000100000000)
  region size 1024K, 7 young (7168K), 7 survivors (7168K)
 Metaspace       used 76714K, capacity 78578K, committed 78752K, reserved 1118208K
  class space    used 9991K, capacity 10668K, committed 10700K, reserved 1048576K
}
Event: 13.171 GC heap before
{Heap before GC invocations=24 (full 0):
 garbage-first heap   total 138240K, used 107146K [0x0000000080000000, 0x0000000100000000)
  region size 1024K, 55 young (56320K), 7 survivors (7168K)
 Metaspace       used 78792K, capacity 80816K, committed 80928K, reserved 1120256K
  class space    used 10256K, capacity 10990K, committed 11084K, reserved 1048576K
}
Event: 13.189 GC heap after
{Heap after GC invocations=25 (full 0):
 garbage-first heap   total 165888K, used 62346K [0x0000000080000000, 0x0000000100000000)
  region size 1024K, 7 young (7168K), 7 survivors (7168K)
 Metaspace       used 78792K, capacity 80816K, committed 80928K, reserved 1120256K
  class space    used 10256K, capacity 10990K, committed 11084K, reserved 1048576K
}
Event: 14.559 GC heap before
{Heap before GC invocations=25 (full 0):
 garbage-first heap   total 165888K, used 120714K [0x0000000080000000, 0x0000000100000000)
  region size 1024K, 65 young (66560K), 7 survivors (7168K)
 Metaspace       used 80364K, capacity 82428K, committed 82592K, reserved 1120256K
  class space    used 10421K, capacity 11170K, committed 11212K, reserved 1048576K
}
Event: 14.576 GC heap after
{Heap after GC invocations=26 (full 0):
 garbage-first heap   total 165888K, used 65836K [0x0000000080000000, 0x0000000100000000)
  region size 1024K, 7 young (7168K), 7 survivors (7168K)
 Metaspace       used 80364K, capacity 82428K, committed 82592K, reserved 1120256K
  class space    used 10421K, capacity 11170K, committed 11212K, reserved 1048576K
}
Event: 15.439 GC heap before
{Heap before GC invocations=26 (full 0):
 garbage-first heap   total 165888K, used 128300K [0x0000000080000000, 0x0000000100000000)
  region size 1024K, 69 young (70656K), 7 survivors (7168K)
 Metaspace       used 80931K, capacity 82947K, committed 83232K, reserved 1122304K
  class space    used 10439K, capacity 11206K, committed 11340K, reserved 1048576K
}
Event: 15.477 GC heap after
{Heap after GC invocations=27 (full 0):
 garbage-first heap   total 165888K, used 82211K [0x0000000080000000, 0x0000000100000000)
  region size 1024K, 9 young (9216K), 9 survivors (9216K)
 Metaspace       used 80931K, capacity 82947K, committed 83232K, reserved 1122304K
  class space    used 10439K, capacity 11206K, committed 11340K, reserved 1048576K
}
Event: 15.840 GC heap before
{Heap before GC invocations=27 (full 0):
 garbage-first heap   total 165888K, used 116003K [0x0000000080000000, 0x0000000100000000)
  region size 1024K, 42 young (43008K), 9 survivors (9216K)
 Metaspace       used 81005K, capacity 83075K, committed 83232K, reserved 1122304K
  class space    used 10439K, capacity 11206K, committed 11340K, reserved 1048576K
}
Event: 15.886 GC heap after
{Heap after GC invocations=28 (full 0):
 garbage-first heap   total 165888K, used 89088K [0x0000000080000000, 0x0000000100000000)
  region size 1024K, 6 young (6144K), 6 survivors (6144K)
 Metaspace       used 81005K, capacity 83075K, committed 83232K, reserved 1122304K
  class space    used 10439K, capacity 11206K, committed 11340K, reserved 1048576K
}
Event: 16.419 GC heap before
{Heap before GC invocations=29 (full 0):
 garbage-first heap   total 165888K, used 126976K [0x0000000080000000, 0x0000000100000000)
  region size 1024K, 41 young (41984K), 6 survivors (6144K)
 Metaspace       used 81051K, capacity 83057K, committed 83488K, reserved 1122304K
  class space    used 10412K, capacity 11155K, committed 11340K, reserved 1048576K
}
Event: 16.441 GC heap after
{Heap after GC invocations=30 (full 0):
 garbage-first heap   total 214016K, used 98217K [0x0000000080000000, 0x0000000100000000)
  region size 1024K, 6 young (6144K), 6 survivors (6144K)
 Metaspace       used 81051K, capacity 83057K, committed 83488K, reserved 1122304K
  class space    used 10412K, capacity 11155K, committed 11340K, reserved 1048576K
}
Event: 17.202 GC heap before
{Heap before GC invocations=30 (full 0):
 garbage-first heap   total 214016K, used 150441K [0x0000000080000000, 0x0000000100000000)
  region size 1024K, 57 young (58368K), 6 survivors (6144K)
 Metaspace       used 81840K, capacity 83908K, committed 84256K, reserved 1122304K
  class space    used 10500K, capacity 11247K, committed 11340K, reserved 1048576K
}
Event: 17.226 GC heap after
{Heap after GC invocations=31 (full 0):
 garbage-first heap   total 214016K, used 101326K [0x0000000080000000, 0x0000000100000000)
  region size 1024K, 3 young (3072K), 3 survivors (3072K)
 Metaspace       used 81840K, capacity 83908K, committed 84256K, reserved 1122304K
  class space    used 10500K, capacity 11247K, committed 11340K, reserved 1048576K
}
Event: 17.252 GC heap before
{Heap before GC invocations=31 (full 0):
 garbage-first heap   total 214016K, used 102350K [0x0000000080000000, 0x0000000100000000)
  region size 1024K, 5 young (5120K), 3 survivors (3072K)
 Metaspace       used 81855K, capacity 83908K, committed 84256K, reserved 1122304K
  class space    used 10500K, capacity 11247K, committed 11340K, reserved 1048576K
}
Event: 17.259 GC heap after
{Heap after GC invocations=32 (full 0):
 garbage-first heap   total 214016K, used 101620K [0x0000000080000000, 0x0000000100000000)
  region size 1024K, 3 young (3072K), 3 survivors (3072K)
 Metaspace       used 81855K, capacity 83908K, committed 84256K, reserved 1122304K
  class space    used 10500K, capacity 11247K, committed 11340K, reserved 1048576K
}
Event: 18.631 GC heap before
{Heap before GC invocations=33 (full 0):
 garbage-first heap   total 214016K, used 165108K [0x0000000080000000, 0x0000000100000000)
  region size 1024K, 57 young (58368K), 3 survivors (3072K)
 Metaspace       used 84110K, capacity 86183K, committed 86304K, reserved 1124352K
  class space    used 10766K, capacity 11513K, committed 11596K, reserved 1048576K
}
Event: 18.659 GC heap after
{Heap after GC invocations=34 (full 0):
 garbage-first heap   total 214016K, used 108248K [0x0000000080000000, 0x0000000100000000)
  region size 1024K, 8 young (8192K), 8 survivors (8192K)
 Metaspace       used 84110K, capacity 86183K, committed 86304K, reserved 1124352K
  class space    used 10766K, capacity 11513K, committed 11596K, reserved 1048576K
}
Event: 19.044 GC heap before
{Heap before GC invocations=34 (full 0):
 garbage-first heap   total 214016K, used 126680K [0x0000000080000000, 0x0000000100000000)
  region size 1024K, 27 young (27648K), 8 survivors (8192K)
 Metaspace       used 84223K, capacity 86350K, committed 86560K, reserved 1124352K
  class space    used 10774K, capacity 11547K, committed 11596K, reserved 1048576K
}
Event: 19.076 GC heap after
{Heap after GC invocations=35 (full 0):
 garbage-first heap   total 214016K, used 115502K [0x0000000080000000, 0x0000000100000000)
  region size 1024K, 7 young (7168K), 7 survivors (7168K)
 Metaspace       used 84223K, capacity 86350K, committed 86560K, reserved 1124352K
  class space    used 10774K, capacity 11547K, committed 11596K, reserved 1048576K
}
Event: 19.817 GC heap before
{Heap before GC invocations=36 (full 0):
 garbage-first heap   total 214016K, used 170798K [0x0000000080000000, 0x0000000100000000)
  region size 1024K, 45 young (46080K), 7 survivors (7168K)
 Metaspace       used 85155K, capacity 87292K, committed 87456K, reserved 1124352K
  class space    used 10843K, capacity 11593K, committed 11724K, reserved 1048576K
}

