# JRE version: OpenJDK Runtime Environment (11.0.8+10) (build 11.0.8+10-b944.6842174)
# Java VM: OpenJDK 64-Bit Server VM (11.0.8+10-b944.6842174, mixed mode, tiered, compressed oops, g1 gc, windows-amd64)
Heap:
 garbage-first heap   total 242688K, used 122391K [0x0000000080000000, 0x0000000100000000)
  region size 1024K, 5 young (5120K), 5 survivors (5120K)
 Metaspace       used 85307K, capacity 87385K, committed 87792K, reserved 1126400K
  class space    used 10842K, capacity 11592K, committed 11724K, reserved 1048576K
GC Heap History (20 events):
Event: 14.895 GC heap after
{Heap after GC invocations=27 (full 0):
 garbage-first heap   total 138240K, used 65669K [0x0000000080000000, 0x0000000100000000)
  region size 1024K, 7 young (7168K), 7 survivors (7168K)
 Metaspace       used 79750K, capacity 81791K, committed 82032K, reserved 1120256K
  class space    used 10335K, capacity 11073K, committed 11084K, reserved 1048576K
}
Event: 15.931 GC heap before
{Heap before GC invocations=27 (full 0):
 garbage-first heap   total 138240K, used 109701K [0x0000000080000000, 0x0000000100000000)
  region size 1024K, 51 young (52224K), 7 survivors (7168K)
 Metaspace       used 80942K, capacity 82969K, committed 83184K, reserved 1122304K
  class space    used 10441K, capacity 11184K, committed 11212K, reserved 1048576K
}
Event: 15.951 GC heap after
{Heap after GC invocations=28 (full 0):
 garbage-first heap   total 165888K, used 71511K [0x0000000080000000, 0x0000000100000000)
  region size 1024K, 7 young (7168K), 7 survivors (7168K)
 Metaspace       used 80942K, capacity 82969K, committed 83184K, reserved 1122304K
  class space    used 10441K, capacity 11184K, committed 11212K, reserved 1048576K
}
Event: 16.528 GC heap before
{Heap before GC invocations=28 (full 0):
 garbage-first heap   total 165888K, used 122711K [0x0000000080000000, 0x0000000100000000)
  region size 1024K, 58 young (59392K), 7 survivors (7168K)
 Metaspace       used 81090K, capacity 83109K, committed 83184K, reserved 1122304K
  class space    used 10441K, capacity 11184K, committed 11212K, reserved 1048576K
}
Event: 16.559 GC heap after
{Heap after GC invocations=29 (full 0):
 garbage-first heap   total 165888K, used 86224K [0x0000000080000000, 0x0000000100000000)
  region size 1024K, 8 young (8192K), 8 survivors (8192K)
 Metaspace       used 81090K, capacity 83109K, committed 83184K, reserved 1122304K
  class space    used 10441K, capacity 11184K, committed 11212K, reserved 1048576K
}
Event: 16.611 GC heap before
{Heap before GC invocations=29 (full 0):
 garbage-first heap   total 165888K, used 91344K [0x0000000080000000, 0x0000000100000000)
  region size 1024K, 14 young (14336K), 8 survivors (8192K)
 Metaspace       used 81113K, capacity 83109K, committed 83184K, reserved 1122304K
  class space    used 10441K, capacity 11184K, committed 11212K, reserved 1048576K
}
Event: 16.630 GC heap after
{Heap after GC invocations=30 (full 0):
 garbage-first heap   total 165888K, used 89600K [0x0000000080000000, 0x0000000100000000)
  region size 1024K, 2 young (2048K), 2 survivors (2048K)
 Metaspace       used 81113K, capacity 83109K, committed 83184K, reserved 1122304K
  class space    used 10441K, capacity 11184K, committed 11212K, reserved 1048576K
}
Event: 17.137 GC heap before
{Heap before GC invocations=31 (full 0):
 garbage-first heap   total 165888K, used 120320K [0x0000000080000000, 0x0000000100000000)
  region size 1024K, 29 young (29696K), 2 survivors (2048K)
 Metaspace       used 81141K, capacity 83057K, committed 83440K, reserved 1122304K
  class space    used 10407K, capacity 11122K, committed 11212K, reserved 1048576K
}
Event: 17.154 GC heap after
{Heap after GC invocations=32 (full 0):
 garbage-first heap   total 165888K, used 98158K [0x0000000080000000, 0x0000000100000000)
  region size 1024K, 4 young (4096K), 4 survivors (4096K)
 Metaspace       used 81141K, capacity 83057K, committed 83440K, reserved 1122304K
  class space    used 10407K, capacity 11122K, committed 11212K, reserved 1048576K
}
Event: 17.406 GC heap before
{Heap before GC invocations=32 (full 0):
 garbage-first heap   total 165888K, used 122734K [0x0000000080000000, 0x0000000100000000)
  region size 1024K, 28 young (28672K), 4 survivors (4096K)
 Metaspace       used 81144K, capacity 83057K, committed 83440K, reserved 1122304K
  class space    used 10407K, capacity 11122K, committed 11212K, reserved 1048576K
}
Event: 17.417 GC heap after
{Heap after GC invocations=33 (full 0):
 garbage-first heap   total 201728K, used 101273K [0x0000000080000000, 0x0000000100000000)
  region size 1024K, 3 young (3072K), 3 survivors (3072K)
 Metaspace       used 81144K, capacity 83057K, committed 83440K, reserved 1122304K
  class space    used 10407K, capacity 11122K, committed 11212K, reserved 1048576K
}
Event: 18.176 GC heap before
{Heap before GC invocations=34 (full 0):
 garbage-first heap   total 201728K, used 138137K [0x0000000080000000, 0x0000000100000000)
  region size 1024K, 39 young (39936K), 3 survivors (3072K)
 Metaspace       used 81992K, capacity 84065K, committed 84336K, reserved 1122304K
  class space    used 10495K, capacity 11246K, committed 11340K, reserved 1048576K
}
Event: 18.188 GC heap after
{Heap after GC invocations=35 (full 0):
 garbage-first heap   total 201728K, used 102942K [0x0000000080000000, 0x0000000100000000)
  region size 1024K, 4 young (4096K), 4 survivors (4096K)
 Metaspace       used 81992K, capacity 84065K, committed 84336K, reserved 1122304K
  class space    used 10495K, capacity 11246K, committed 11340K, reserved 1048576K
}
Event: 18.198 GC heap before
{Heap before GC invocations=35 (full 0):
 garbage-first heap   total 201728K, used 102942K [0x0000000080000000, 0x0000000100000000)
  region size 1024K, 5 young (5120K), 4 survivors (4096K)
 Metaspace       used 81992K, capacity 84065K, committed 84336K, reserved 1122304K
  class space    used 10495K, capacity 11246K, committed 11340K, reserved 1048576K
}
Event: 18.206 GC heap after
{Heap after GC invocations=36 (full 0):
 garbage-first heap   total 201728K, used 103588K [0x0000000080000000, 0x0000000100000000)
  region size 1024K, 3 young (3072K), 3 survivors (3072K)
 Metaspace       used 81992K, capacity 84065K, committed 84336K, reserved 1122304K
  class space    used 10495K, capacity 11246K, committed 11340K, reserved 1048576K
}
Event: 19.294 GC heap before
{Heap before GC invocations=37 (full 0):
 garbage-first heap   total 201728K, used 149668K [0x0000000080000000, 0x0000000100000000)
  region size 1024K, 40 young (40960K), 3 survivors (3072K)
 Metaspace       used 84092K, capacity 86202K, committed 86384K, reserved 1124352K
  class space    used 10758K, capacity 11510K, committed 11596K, reserved 1048576K
}
Event: 19.320 GC heap after
{Heap after GC invocations=38 (full 0):
 garbage-first heap   total 201728K, used 110099K [0x0000000080000000, 0x0000000100000000)
  region size 1024K, 5 young (5120K), 5 survivors (5120K)
 Metaspace       used 84092K, capacity 86202K, committed 86384K, reserved 1124352K
  class space    used 10758K, capacity 11510K, committed 11596K, reserved 1048576K
}
Event: 20.038 GC heap before
{Heap before GC invocations=38 (full 0):
 garbage-first heap   total 201728K, used 143891K [0x0000000080000000, 0x0000000100000000)
  region size 1024K, 40 young (40960K), 5 survivors (5120K)
 Metaspace       used 84356K, capacity 86507K, committed 86640K, reserved 1124352K
  class space    used 10769K, capacity 11546K, committed 11596K, reserved 1048576K
}
Event: 20.063 GC heap after
{Heap after GC invocations=39 (full 0):
 garbage-first heap   total 201728K, used 117393K [0x0000000080000000, 0x0000000100000000)
  region size 1024K, 6 young (6144K), 6 survivors (6144K)
 Metaspace       used 84356K, capacity 86507K, committed 86640K, reserved 1124352K
  class space    used 10769K, capacity 11546K, committed 11596K, reserved 1048576K
}
Event: 20.754 GC heap before
{Heap before GC invocations=40 (full 0):
 garbage-first heap   total 201728K, used 167569K [0x0000000080000000, 0x0000000100000000)
  region size 1024K, 39 young (39936K), 6 survivors (6144K)
 Metaspace       used 85307K, capacity 87385K, committed 87792K, reserved 1126400K
  class space    used 10842K, capacity 11592K, committed 11724K, reserved 1048576K
}

