# JRE version: OpenJDK Runtime Environment (11.0.8+10) (build 11.0.8+10-b944.6842174)
# Java VM: OpenJDK 64-Bit Server VM (11.0.8+10-b944.6842174, mixed mode, tiered, compressed oops, g1 gc, windows-amd64)
Heap:
 garbage-first heap   total 286720K, used 139666K [0x0000000080000000, 0x0000000100000000)
  region size 1024K, 4 young (4096K), 4 survivors (4096K)
 Metaspace       used 89717K, capacity 91934K, committed 92192K, reserved 1128448K
  class space    used 11711K, capacity 12503K, committed 12620K, reserved 1048576K
GC Heap History (20 events):
Event: 13.952 GC heap after
{Heap after GC invocations=27 (full 0):
 garbage-first heap   total 138240K, used 60628K [0x0000000080000000, 0x0000000100000000)
  region size 1024K, 6 young (6144K), 6 survivors (6144K)
 Metaspace       used 78680K, capacity 80637K, committed 80928K, reserved 1120256K
  class space    used 10266K, capacity 11000K, committed 11084K, reserved 1048576K
}
Event: 14.689 GC heap before
{Heap before GC invocations=27 (full 0):
 garbage-first heap   total 138240K, used 101588K [0x0000000080000000, 0x0000000100000000)
  region size 1024K, 47 young (48128K), 6 survivors (6144K)
 Metaspace       used 79133K, capacity 81159K, committed 81440K, reserved 1120256K
  class space    used 10276K, capacity 11010K, committed 11084K, reserved 1048576K
}
Event: 14.702 GC heap after
{Heap after GC invocations=28 (full 0):
 garbage-first heap   total 138240K, used 63339K [0x0000000080000000, 0x0000000100000000)
  region size 1024K, 6 young (6144K), 6 survivors (6144K)
 Metaspace       used 79133K, capacity 81159K, committed 81440K, reserved 1120256K
  class space    used 10276K, capacity 11010K, committed 11084K, reserved 1048576K
}
Event: 15.488 GC heap before
{Heap before GC invocations=28 (full 0):
 garbage-first heap   total 138240K, used 104299K [0x0000000080000000, 0x0000000100000000)
  region size 1024K, 47 young (48128K), 6 survivors (6144K)
 Metaspace       used 79583K, capacity 81634K, committed 81696K, reserved 1120256K
  class space    used 10301K, capacity 11064K, committed 11084K, reserved 1048576K
}
Event: 15.503 GC heap after
{Heap after GC invocations=29 (full 0):
 garbage-first heap   total 165888K, used 66004K [0x0000000080000000, 0x0000000100000000)
  region size 1024K, 6 young (6144K), 6 survivors (6144K)
 Metaspace       used 79583K, capacity 81634K, committed 81696K, reserved 1120256K
  class space    used 10301K, capacity 11064K, committed 11084K, reserved 1048576K
}
Event: 16.231 GC heap before
{Heap before GC invocations=29 (full 0):
 garbage-first heap   total 165888K, used 120276K [0x0000000080000000, 0x0000000100000000)
  region size 1024K, 60 young (61440K), 6 survivors (6144K)
 Metaspace       used 81022K, capacity 83082K, committed 83232K, reserved 1122304K
  class space    used 10502K, capacity 11268K, committed 11340K, reserved 1048576K
}
Event: 16.245 GC heap after
{Heap after GC invocations=30 (full 0):
 garbage-first heap   total 165888K, used 69755K [0x0000000080000000, 0x0000000100000000)
  region size 1024K, 7 young (7168K), 7 survivors (7168K)
 Metaspace       used 81022K, capacity 83082K, committed 83232K, reserved 1122304K
  class space    used 10502K, capacity 11268K, committed 11340K, reserved 1048576K
}
Event: 16.882 GC heap before
{Heap before GC invocations=30 (full 0):
 garbage-first heap   total 165888K, used 128123K [0x0000000080000000, 0x0000000100000000)
  region size 1024K, 64 young (65536K), 7 survivors (7168K)
 Metaspace       used 83489K, capacity 85728K, committed 85920K, reserved 1124352K
  class space    used 10833K, capacity 11615K, committed 11724K, reserved 1048576K
}
Event: 16.896 GC heap after
{Heap after GC invocations=31 (full 0):
 garbage-first heap   total 165888K, used 72222K [0x0000000080000000, 0x0000000100000000)
  region size 1024K, 6 young (6144K), 6 survivors (6144K)
 Metaspace       used 83489K, capacity 85728K, committed 85920K, reserved 1124352K
  class space    used 10833K, capacity 11615K, committed 11724K, reserved 1048576K
}
Event: 17.660 GC heap before
{Heap before GC invocations=31 (full 0):
 garbage-first heap   total 165888K, used 138782K [0x0000000080000000, 0x0000000100000000)
  region size 1024K, 66 young (67584K), 6 survivors (6144K)
 Metaspace       used 85565K, capacity 87757K, committed 87968K, reserved 1126400K
  class space    used 11070K, capacity 11881K, committed 11980K, reserved 1048576K
}
Event: 17.679 GC heap after
{Heap after GC invocations=32 (full 0):
 garbage-first heap   total 165888K, used 86278K [0x0000000080000000, 0x0000000100000000)
  region size 1024K, 9 young (9216K), 9 survivors (9216K)
 Metaspace       used 85565K, capacity 87757K, committed 87968K, reserved 1126400K
  class space    used 11070K, capacity 11881K, committed 11980K, reserved 1048576K
}
Event: 17.944 GC heap before
{Heap before GC invocations=32 (full 0):
 garbage-first heap   total 165888K, used 100614K [0x0000000080000000, 0x0000000100000000)
  region size 1024K, 25 young (25600K), 9 survivors (9216K)
 Metaspace       used 87430K, capacity 89619K, committed 89760K, reserved 1126400K
  class space    used 11334K, capacity 12145K, committed 12236K, reserved 1048576K
}
Event: 17.968 GC heap after
{Heap after GC invocations=33 (full 0):
 garbage-first heap   total 199680K, used 89047K [0x0000000080000000, 0x0000000100000000)
  region size 1024K, 3 young (3072K), 3 survivors (3072K)
 Metaspace       used 87430K, capacity 89619K, committed 89760K, reserved 1126400K
  class space    used 11334K, capacity 12145K, committed 12236K, reserved 1048576K
}
Event: 18.806 GC heap before
{Heap before GC invocations=34 (full 0):
 garbage-first heap   total 199680K, used 146391K [0x0000000080000000, 0x0000000100000000)
  region size 1024K, 48 young (49152K), 3 survivors (3072K)
 Metaspace       used 87765K, capacity 89968K, committed 90272K, reserved 1128448K
  class space    used 11359K, capacity 12151K, committed 12236K, reserved 1048576K
}
Event: 18.853 GC heap after
{Heap after GC invocations=35 (full 0):
 garbage-first heap   total 199680K, used 111209K [0x0000000080000000, 0x0000000100000000)
  region size 1024K, 6 young (6144K), 6 survivors (6144K)
 Metaspace       used 87765K, capacity 89968K, committed 90272K, reserved 1128448K
  class space    used 11359K, capacity 12151K, committed 12236K, reserved 1048576K
}
Event: 18.886 GC heap before
{Heap before GC invocations=35 (full 0):
 garbage-first heap   total 199680K, used 113257K [0x0000000080000000, 0x0000000100000000)
  region size 1024K, 9 young (9216K), 6 survivors (6144K)
 Metaspace       used 87765K, capacity 89968K, committed 90272K, reserved 1128448K
  class space    used 11359K, capacity 12151K, committed 12236K, reserved 1048576K
}
Event: 18.919 GC heap after
{Heap after GC invocations=36 (full 0):
 garbage-first heap   total 199680K, used 112885K [0x0000000080000000, 0x0000000100000000)
  region size 1024K, 2 young (2048K), 2 survivors (2048K)
 Metaspace       used 87765K, capacity 89968K, committed 90272K, reserved 1128448K
  class space    used 11359K, capacity 12151K, committed 12236K, reserved 1048576K
}
Event: 19.597 GC heap before
{Heap before GC invocations=37 (full 0):
 garbage-first heap   total 199680K, used 141557K [0x0000000080000000, 0x0000000100000000)
  region size 1024K, 29 young (29696K), 2 survivors (2048K)
 Metaspace       used 89696K, capacity 91867K, committed 92192K, reserved 1128448K
  class space    used 11711K, capacity 12503K, committed 12620K, reserved 1048576K
}
Event: 19.628 GC heap after
{Heap after GC invocations=38 (full 0):
 garbage-first heap   total 199680K, used 125952K [0x0000000080000000, 0x0000000100000000)
  region size 1024K, 4 young (4096K), 4 survivors (4096K)
 Metaspace       used 89696K, capacity 91867K, committed 92192K, reserved 1128448K
  class space    used 11711K, capacity 12503K, committed 12620K, reserved 1048576K
}
Event: 19.778 GC heap before
{Heap before GC invocations=38 (full 0):
 garbage-first heap   total 199680K, used 148480K [0x0000000080000000, 0x0000000100000000)
  region size 1024K, 27 young (27648K), 4 survivors (4096K)
 Metaspace       used 89717K, capacity 91934K, committed 92192K, reserved 1128448K
  class space    used 11711K, capacity 12503K, committed 12620K, reserved 1048576K
}

