# JRE version: OpenJDK Runtime Environment (11.0.8+10) (build 11.0.8+10-b944.6842174)
# Java VM: OpenJDK 64-Bit Server VM (11.0.8+10-b944.6842174, mixed mode, tiered, compressed oops, g1 gc, windows-amd64)
Heap:
 garbage-first heap   total 239616K, used 100241K [0x0000000080000000, 0x0000000100000000)
  region size 1024K, 3 young (3072K), 3 survivors (3072K)
 Metaspace       used 92153K, capacity 94386K, committed 94668K, reserved 1132544K
  class space    used 11380K, capacity 12194K, committed 12236K, reserved 1048576K
GC Heap History (20 events):
Event: 20.671 GC heap after
{Heap after GC invocations=29 (full 0):
 garbage-first heap   total 165888K, used 67139K [0x0000000080000000, 0x0000000100000000)
  region size 1024K, 8 young (8192K), 8 survivors (8192K)
 Metaspace       used 83165K, capacity 85304K, committed 85452K, reserved 1124352K
  class space    used 10624K, capacity 11423K, committed 11468K, reserved 1048576K
}
Event: 21.694 GC heap before
{Heap before GC invocations=29 (full 0):
 garbage-first heap   total 165888K, used 124483K [0x0000000080000000, 0x0000000100000000)
  region size 1024K, 65 young (66560K), 8 survivors (8192K)
 Metaspace       used 84773K, capacity 86929K, committed 87116K, reserved 1124352K
  class space    used 10765K, capacity 11583K, committed 11596K, reserved 1048576K
}
Event: 21.713 GC heap after
{Heap after GC invocations=30 (full 0):
 garbage-first heap   total 165888K, used 70743K [0x0000000080000000, 0x0000000100000000)
  region size 1024K, 8 young (8192K), 8 survivors (8192K)
 Metaspace       used 84773K, capacity 86929K, committed 87116K, reserved 1124352K
  class space    used 10765K, capacity 11583K, committed 11596K, reserved 1048576K
}
Event: 22.405 GC heap before
{Heap before GC invocations=30 (full 0):
 garbage-first heap   total 165888K, used 130135K [0x0000000080000000, 0x0000000100000000)
  region size 1024K, 67 young (68608K), 8 survivors (8192K)
 Metaspace       used 84922K, capacity 87068K, committed 87116K, reserved 1124352K
  class space    used 10765K, capacity 11583K, committed 11596K, reserved 1048576K
}
Event: 22.446 GC heap after
{Heap after GC invocations=31 (full 0):
 garbage-first heap   total 165888K, used 89264K [0x0000000080000000, 0x0000000100000000)
  region size 1024K, 9 young (9216K), 9 survivors (9216K)
 Metaspace       used 84922K, capacity 87068K, committed 87116K, reserved 1124352K
  class space    used 10765K, capacity 11583K, committed 11596K, reserved 1048576K
}
Event: 22.505 GC heap before
{Heap before GC invocations=31 (full 0):
 garbage-first heap   total 165888K, used 94384K [0x0000000080000000, 0x0000000100000000)
  region size 1024K, 15 young (15360K), 9 survivors (9216K)
 Metaspace       used 84946K, capacity 87068K, committed 87116K, reserved 1124352K
  class space    used 10765K, capacity 11583K, committed 11596K, reserved 1048576K
}
Event: 22.546 GC heap after
{Heap after GC invocations=32 (full 0):
 garbage-first heap   total 199680K, used 92555K [0x0000000080000000, 0x0000000100000000)
  region size 1024K, 3 young (3072K), 3 survivors (3072K)
 Metaspace       used 84946K, capacity 87068K, committed 87116K, reserved 1124352K
  class space    used 10765K, capacity 11583K, committed 11596K, reserved 1048576K
}
Event: 23.102 GC heap before
{Heap before GC invocations=33 (full 0):
 garbage-first heap   total 199680K, used 135563K [0x0000000080000000, 0x0000000100000000)
  region size 1024K, 42 young (43008K), 3 survivors (3072K)
 Metaspace       used 84986K, capacity 87056K, committed 87372K, reserved 1124352K
  class space    used 10738K, capacity 11534K, committed 11596K, reserved 1048576K
}
Event: 23.121 GC heap after
{Heap after GC invocations=34 (full 0):
 garbage-first heap   total 199680K, used 102400K [0x0000000080000000, 0x0000000100000000)
  region size 1024K, 6 young (6144K), 6 survivors (6144K)
 Metaspace       used 84986K, capacity 87056K, committed 87372K, reserved 1124352K
  class space    used 10738K, capacity 11534K, committed 11596K, reserved 1048576K
}
Event: 23.624 GC heap before
{Heap before GC invocations=34 (full 0):
 garbage-first heap   total 199680K, used 140288K [0x0000000080000000, 0x0000000100000000)
  region size 1024K, 43 young (44032K), 6 survivors (6144K)
 Metaspace       used 85432K, capacity 87607K, committed 88012K, reserved 1126400K
  class space    used 10785K, capacity 11591K, committed 11724K, reserved 1048576K
}
Event: 23.641 GC heap after
{Heap after GC invocations=35 (full 0):
 garbage-first heap   total 199680K, used 105346K [0x0000000080000000, 0x0000000100000000)
  region size 1024K, 3 young (3072K), 3 survivors (3072K)
 Metaspace       used 85432K, capacity 87607K, committed 88012K, reserved 1126400K
  class space    used 10785K, capacity 11591K, committed 11724K, reserved 1048576K
}
Event: 24.658 GC heap before
{Heap before GC invocations=36 (full 0):
 garbage-first heap   total 199680K, used 152450K [0x0000000080000000, 0x0000000100000000)
  region size 1024K, 41 young (41984K), 3 survivors (3072K)
 Metaspace       used 85747K, capacity 87863K, committed 88268K, reserved 1126400K
  class space    used 10810K, capacity 11591K, committed 11724K, reserved 1048576K
}
Event: 24.688 GC heap after
{Heap after GC invocations=37 (full 0):
 garbage-first heap   total 199680K, used 112202K [0x0000000080000000, 0x0000000100000000)
  region size 1024K, 6 young (6144K), 6 survivors (6144K)
 Metaspace       used 85747K, capacity 87863K, committed 88268K, reserved 1126400K
  class space    used 10810K, capacity 11591K, committed 11724K, reserved 1048576K
}
Event: 25.455 GC heap before
{Heap before GC invocations=37 (full 0):
 garbage-first heap   total 199680K, used 150090K [0x0000000080000000, 0x0000000100000000)
  region size 1024K, 43 young (44032K), 6 survivors (6144K)
 Metaspace       used 88046K, capacity 90177K, committed 90316K, reserved 1128448K
  class space    used 11081K, capacity 11891K, committed 11980K, reserved 1048576K
}
Event: 25.474 GC heap after
{Heap after GC invocations=38 (full 0):
 garbage-first heap   total 199680K, used 114249K [0x0000000080000000, 0x0000000100000000)
  region size 1024K, 2 young (2048K), 2 survivors (2048K)
 Metaspace       used 88046K, capacity 90177K, committed 90316K, reserved 1128448K
  class space    used 11081K, capacity 11891K, committed 11980K, reserved 1048576K
}
Event: 26.249 GC heap before
{Heap before GC invocations=39 (full 0):
 garbage-first heap   total 199680K, used 169545K [0x0000000080000000, 0x0000000100000000)
  region size 1024K, 40 young (40960K), 2 survivors (2048K)
 Metaspace       used 88717K, capacity 90895K, committed 91084K, reserved 1128448K
  class space    used 11119K, capacity 11905K, committed 11980K, reserved 1048576K
}
Event: 26.258 GC heap after
{Heap after GC invocations=40 (full 0):
 garbage-first heap   total 199680K, used 118302K [0x0000000080000000, 0x0000000100000000)
  region size 1024K, 5 young (5120K), 5 survivors (5120K)
 Metaspace       used 88717K, capacity 90895K, committed 91084K, reserved 1128448K
  class space    used 11119K, capacity 11905K, committed 11980K, reserved 1048576K
}
Event: 26.901 GC heap before
{Heap before GC invocations=40 (full 0):
 garbage-first heap   total 199680K, used 155166K [0x0000000080000000, 0x0000000100000000)
  region size 1024K, 42 young (43008K), 5 survivors (5120K)
 Metaspace       used 91727K, capacity 93970K, committed 94156K, reserved 1130496K
  class space    used 11357K, capacity 12162K, committed 12236K, reserved 1048576K
}
Event: 26.922 GC heap after
{Heap after GC invocations=41 (full 0):
 garbage-first heap   total 199680K, used 123224K [0x0000000080000000, 0x0000000100000000)
  region size 1024K, 5 young (5120K), 5 survivors (5120K)
 Metaspace       used 91727K, capacity 93970K, committed 94156K, reserved 1130496K
  class space    used 11357K, capacity 12162K, committed 12236K, reserved 1048576K
}
Event: 27.431 GC heap before
{Heap before GC invocations=42 (full 0):
 garbage-first heap   total 199680K, used 135512K [0x0000000080000000, 0x0000000100000000)
  region size 1024K, 41 young (41984K), 5 survivors (5120K)
 Metaspace       used 92153K, capacity 94386K, committed 94668K, reserved 1132544K
  class space    used 11380K, capacity 12194K, committed 12236K, reserved 1048576K
}

