# JRE version: OpenJDK Runtime Environment (11.0.8+10) (build 11.0.8+10-b944.6842174)
# Java VM: OpenJDK 64-Bit Server VM (11.0.8+10-b944.6842174, mixed mode, tiered, compressed oops, g1 gc, windows-amd64)
Heap:
 garbage-first heap   total 250880K, used 158583K [0x0000000080000000, 0x0000000100000000)
  region size 1024K, 52 young (53248K), 2 survivors (2048K)
 Metaspace       used 96550K, capacity 98871K, committed 98944K, reserved 1134592K
  class space    used 12155K, capacity 12996K, committed 13004K, reserved 1048576K
GC Heap History (20 events):
Event: 14.921 GC heap before
{Heap before GC invocations=27 (full 0):
 garbage-first heap   total 165888K, used 119614K [0x0000000080000000, 0x0000000100000000)
  region size 1024K, 58 young (59392K), 4 survivors (4096K)
 Metaspace       used 80256K, capacity 82215K, committed 82560K, reserved 1120256K
  class space    used 10385K, capacity 11117K, committed 11212K, reserved 1048576K
}
Event: 14.946 GC heap after
{Heap after GC invocations=28 (full 0):
 garbage-first heap   total 165888K, used 78050K [0x0000000080000000, 0x0000000100000000)
  region size 1024K, 8 young (8192K), 8 survivors (8192K)
 Metaspace       used 80256K, capacity 82215K, committed 82560K, reserved 1120256K
  class space    used 10385K, capacity 11117K, committed 11212K, reserved 1048576K
}
Event: 15.481 GC heap before
{Heap before GC invocations=28 (full 0):
 garbage-first heap   total 165888K, used 123106K [0x0000000080000000, 0x0000000100000000)
  region size 1024K, 53 young (54272K), 8 survivors (8192K)
 Metaspace       used 82124K, capacity 84140K, committed 84352K, reserved 1122304K
  class space    used 10632K, capacity 11355K, committed 11468K, reserved 1048576K
}
Event: 15.515 GC heap after
{Heap after GC invocations=29 (full 0):
 garbage-first heap   total 165888K, used 87476K [0x0000000080000000, 0x0000000100000000)
  region size 1024K, 7 young (7168K), 7 survivors (7168K)
 Metaspace       used 82124K, capacity 84140K, committed 84352K, reserved 1122304K
  class space    used 10632K, capacity 11355K, committed 11468K, reserved 1048576K
}
Event: 15.775 GC heap before
{Heap before GC invocations=29 (full 0):
 garbage-first heap   total 165888K, used 102836K [0x0000000080000000, 0x0000000100000000)
  region size 1024K, 23 young (23552K), 7 survivors (7168K)
 Metaspace       used 82943K, capacity 84981K, committed 85248K, reserved 1122304K
  class space    used 10711K, capacity 11485K, committed 11596K, reserved 1048576K
}
Event: 15.802 GC heap after
{Heap after GC invocations=30 (full 0):
 garbage-first heap   total 165888K, used 98225K [0x0000000080000000, 0x0000000100000000)
  region size 1024K, 6 young (6144K), 6 survivors (6144K)
 Metaspace       used 82943K, capacity 84981K, committed 85248K, reserved 1122304K
  class space    used 10711K, capacity 11485K, committed 11596K, reserved 1048576K
}
Event: 16.492 GC heap before
{Heap before GC invocations=31 (full 0):
 garbage-first heap   total 165888K, used 138161K [0x0000000080000000, 0x0000000100000000)
  region size 1024K, 29 young (29696K), 6 survivors (6144K)
 Metaspace       used 84812K, capacity 86898K, committed 87168K, reserved 1124352K
  class space    used 10905K, capacity 11639K, committed 11724K, reserved 1048576K
}
Event: 16.511 GC heap after
{Heap after GC invocations=32 (full 0):
 garbage-first heap   total 208896K, used 100117K [0x0000000080000000, 0x0000000100000000)
  region size 1024K, 2 young (2048K), 2 survivors (2048K)
 Metaspace       used 84812K, capacity 86898K, committed 87168K, reserved 1124352K
  class space    used 10905K, capacity 11639K, committed 11724K, reserved 1048576K
}
Event: 17.054 GC heap before
{Heap before GC invocations=32 (full 0):
 garbage-first heap   total 208896K, used 138005K [0x0000000080000000, 0x0000000100000000)
  region size 1024K, 40 young (40960K), 2 survivors (2048K)
 Metaspace       used 85887K, capacity 87897K, committed 88064K, reserved 1126400K
  class space    used 11017K, capacity 11749K, committed 11852K, reserved 1048576K
}
Event: 17.062 GC heap after
{Heap after GC invocations=33 (full 0):
 garbage-first heap   total 208896K, used 102207K [0x0000000080000000, 0x0000000100000000)
  region size 1024K, 4 young (4096K), 4 survivors (4096K)
 Metaspace       used 85887K, capacity 87897K, committed 88064K, reserved 1126400K
  class space    used 11017K, capacity 11749K, committed 11852K, reserved 1048576K
}
Event: 17.707 GC heap before
{Heap before GC invocations=34 (full 0):
 garbage-first heap   total 208896K, used 142143K [0x0000000080000000, 0x0000000100000000)
  region size 1024K, 45 young (46080K), 4 survivors (4096K)
 Metaspace       used 87360K, capacity 89435K, committed 89600K, reserved 1126400K
  class space    used 11218K, capacity 11989K, committed 12108K, reserved 1048576K
}
Event: 17.719 GC heap after
{Heap after GC invocations=35 (full 0):
 garbage-first heap   total 208896K, used 102959K [0x0000000080000000, 0x0000000100000000)
  region size 1024K, 4 young (4096K), 4 survivors (4096K)
 Metaspace       used 87360K, capacity 89435K, committed 89600K, reserved 1126400K
  class space    used 11218K, capacity 11989K, committed 12108K, reserved 1048576K
}
Event: 17.782 GC heap before
{Heap before GC invocations=35 (full 0):
 garbage-first heap   total 208896K, used 109103K [0x0000000080000000, 0x0000000100000000)
  region size 1024K, 11 young (11264K), 4 survivors (4096K)
 Metaspace       used 87581K, capacity 89659K, committed 89856K, reserved 1126400K
  class space    used 11244K, capacity 12021K, committed 12108K, reserved 1048576K
}
Event: 17.798 GC heap after
{Heap after GC invocations=36 (full 0):
 garbage-first heap   total 208896K, used 89337K [0x0000000080000000, 0x0000000100000000)
  region size 1024K, 1 young (1024K), 1 survivors (1024K)
 Metaspace       used 87581K, capacity 89659K, committed 89856K, reserved 1126400K
  class space    used 11244K, capacity 12021K, committed 12108K, reserved 1048576K
}
Event: 18.469 GC heap before
{Heap before GC invocations=36 (full 0):
 garbage-first heap   total 208896K, used 141561K [0x0000000080000000, 0x0000000100000000)
  region size 1024K, 52 young (53248K), 1 survivors (1024K)
 Metaspace       used 89151K, capacity 91248K, committed 91392K, reserved 1128448K
  class space    used 11438K, capacity 12250K, committed 12364K, reserved 1048576K
}
Event: 18.477 GC heap after
{Heap after GC invocations=37 (full 0):
 garbage-first heap   total 208896K, used 91028K [0x0000000080000000, 0x0000000100000000)
  region size 1024K, 3 young (3072K), 3 survivors (3072K)
 Metaspace       used 89151K, capacity 91248K, committed 91392K, reserved 1128448K
  class space    used 11438K, capacity 12250K, committed 12364K, reserved 1048576K
}
Event: 22.333 GC heap before
{Heap before GC invocations=37 (full 0):
 garbage-first heap   total 208896K, used 145300K [0x0000000080000000, 0x0000000100000000)
  region size 1024K, 57 young (58368K), 3 survivors (3072K)
 Metaspace       used 90738K, capacity 92843K, committed 93056K, reserved 1130496K
  class space    used 11600K, capacity 12398K, committed 12492K, reserved 1048576K
}
Event: 22.352 GC heap after
{Heap after GC invocations=38 (full 0):
 garbage-first heap   total 208896K, used 98661K [0x0000000080000000, 0x0000000100000000)
  region size 1024K, 8 young (8192K), 8 survivors (8192K)
 Metaspace       used 90738K, capacity 92843K, committed 93056K, reserved 1130496K
  class space    used 11600K, capacity 12398K, committed 12492K, reserved 1048576K
}
Event: 22.796 GC heap before
{Heap before GC invocations=38 (full 0):
 garbage-first heap   total 208896K, used 150885K [0x0000000080000000, 0x0000000100000000)
  region size 1024K, 60 young (61440K), 8 survivors (8192K)
 Metaspace       used 91642K, capacity 93836K, committed 94080K, reserved 1130496K
  class space    used 11682K, capacity 12483K, committed 12492K, reserved 1048576K
}
Event: 22.812 GC heap after
{Heap after GC invocations=39 (full 0):
 garbage-first heap   total 250880K, used 99191K [0x0000000080000000, 0x0000000100000000)
  region size 1024K, 2 young (2048K), 2 survivors (2048K)
 Metaspace       used 91642K, capacity 93836K, committed 94080K, reserved 1130496K
  class space    used 11682K, capacity 12483K, committed 12492K, reserved 1048576K
}

