# JRE version: OpenJDK Runtime Environment (11.0.8+10) (build 11.0.8+10-b944.6842174)
# Java VM: OpenJDK 64-Bit Server VM (11.0.8+10-b944.6842174, mixed mode, tiered, compressed oops, g1 gc, windows-amd64)
Heap:
 garbage-first heap   total 240640K, used 170773K [0x0000000080000000, 0x0000000100000000)
  region size 1024K, 52 young (53248K), 11 survivors (11264K)
 Metaspace       used 105105K, capacity 107537K, committed 107724K, reserved 1142784K
  class space    used 13044K, capacity 13937K, committed 14028K, reserved 1048576K
GC Heap History (20 events):
Event: 25.197 GC heap before
{Heap before GC invocations=37 (full 0):
 garbage-first heap   total 199680K, used 149031K [0x0000000080000000, 0x0000000100000000)
  region size 1024K, 38 young (38912K), 1 survivors (1024K)
 Metaspace       used 88101K, capacity 90291K, committed 90572K, reserved 1128448K
  class space    used 11079K, capacity 11890K, committed 11980K, reserved 1048576K
}
Event: 25.206 GC heap after
{Heap after GC invocations=38 (full 0):
 garbage-first heap   total 199680K, used 112072K [0x0000000080000000, 0x0000000100000000)
  region size 1024K, 2 young (2048K), 2 survivors (2048K)
 Metaspace       used 88101K, capacity 90291K, committed 90572K, reserved 1128448K
  class space    used 11079K, capacity 11890K, committed 11980K, reserved 1048576K
}
Event: 26.000 GC heap before
{Heap before GC invocations=39 (full 0):
 garbage-first heap   total 199680K, used 168392K [0x0000000080000000, 0x0000000100000000)
  region size 1024K, 41 young (41984K), 2 survivors (2048K)
 Metaspace       used 88985K, capacity 91140K, committed 91468K, reserved 1128448K
  class space    used 11141K, capacity 11969K, committed 12108K, reserved 1048576K
}
Event: 26.013 GC heap after
{Heap after GC invocations=40 (full 0):
 garbage-first heap   total 199680K, used 116650K [0x0000000080000000, 0x0000000100000000)
  region size 1024K, 6 young (6144K), 6 survivors (6144K)
 Metaspace       used 88985K, capacity 91140K, committed 91468K, reserved 1128448K
  class space    used 11141K, capacity 11969K, committed 12108K, reserved 1048576K
}
Event: 26.719 GC heap before
{Heap before GC invocations=40 (full 0):
 garbage-first heap   total 199680K, used 154538K [0x0000000080000000, 0x0000000100000000)
  region size 1024K, 44 young (45056K), 6 survivors (6144K)
 Metaspace       used 91905K, capacity 94024K, committed 94156K, reserved 1130496K
  class space    used 11357K, capacity 12162K, committed 12236K, reserved 1048576K
}
Event: 26.743 GC heap after
{Heap after GC invocations=41 (full 0):
 garbage-first heap   total 199680K, used 121669K [0x0000000080000000, 0x0000000100000000)
  region size 1024K, 5 young (5120K), 5 survivors (5120K)
 Metaspace       used 91905K, capacity 94024K, committed 94156K, reserved 1130496K
  class space    used 11357K, capacity 12162K, committed 12236K, reserved 1048576K
}
Event: 27.243 GC heap before
{Heap before GC invocations=42 (full 0):
 garbage-first heap   total 199680K, used 134981K [0x0000000080000000, 0x0000000100000000)
  region size 1024K, 42 young (43008K), 5 survivors (5120K)
 Metaspace       used 92275K, capacity 94440K, committed 94668K, reserved 1132544K
  class space    used 11380K, capacity 12194K, committed 12236K, reserved 1048576K
}
Event: 27.251 GC heap after
{Heap after GC invocations=43 (full 0):
 garbage-first heap   total 199680K, used 96323K [0x0000000080000000, 0x0000000100000000)
  region size 1024K, 2 young (2048K), 2 survivors (2048K)
 Metaspace       used 92275K, capacity 94440K, committed 94668K, reserved 1132544K
  class space    used 11380K, capacity 12194K, committed 12236K, reserved 1048576K
}
Event: 27.314 GC heap before
{Heap before GC invocations=43 (full 0):
 garbage-first heap   total 199680K, used 103491K [0x0000000080000000, 0x0000000100000000)
  region size 1024K, 9 young (9216K), 2 survivors (2048K)
 Metaspace       used 92275K, capacity 94440K, committed 94668K, reserved 1132544K
  class space    used 11380K, capacity 12194K, committed 12236K, reserved 1048576K
}
Event: 27.321 GC heap after
{Heap after GC invocations=44 (full 0):
 garbage-first heap   total 240640K, used 82104K [0x0000000080000000, 0x0000000100000000)
  region size 1024K, 2 young (2048K), 2 survivors (2048K)
 Metaspace       used 92275K, capacity 94440K, committed 94668K, reserved 1132544K
  class space    used 11380K, capacity 12194K, committed 12236K, reserved 1048576K
}
Event: 27.986 GC heap before
{Heap before GC invocations=44 (full 0):
 garbage-first heap   total 240640K, used 150712K [0x0000000080000000, 0x0000000100000000)
  region size 1024K, 69 young (70656K), 2 survivors (2048K)
 Metaspace       used 92581K, capacity 94764K, committed 94924K, reserved 1132544K
  class space    used 11399K, capacity 12194K, committed 12236K, reserved 1048576K
}
Event: 27.989 GC heap after
{Heap after GC invocations=45 (full 0):
 garbage-first heap   total 240640K, used 80830K [0x0000000080000000, 0x0000000100000000)
  region size 1024K, 1 young (1024K), 1 survivors (1024K)
 Metaspace       used 92581K, capacity 94764K, committed 94924K, reserved 1132544K
  class space    used 11399K, capacity 12194K, committed 12236K, reserved 1048576K
}
Event: 30.106 GC heap before
{Heap before GC invocations=45 (full 0):
 garbage-first heap   total 240640K, used 171966K [0x0000000080000000, 0x0000000100000000)
  region size 1024K, 91 young (93184K), 1 survivors (1024K)
 Metaspace       used 95104K, capacity 97364K, committed 97484K, reserved 1134592K
  class space    used 11641K, capacity 12449K, committed 12492K, reserved 1048576K
}
Event: 30.113 GC heap after
{Heap after GC invocations=46 (full 0):
 garbage-first heap   total 240640K, used 82708K [0x0000000080000000, 0x0000000100000000)
  region size 1024K, 3 young (3072K), 3 survivors (3072K)
 Metaspace       used 95104K, capacity 97364K, committed 97484K, reserved 1134592K
  class space    used 11641K, capacity 12449K, committed 12492K, reserved 1048576K
}
Event: 31.580 GC heap before
{Heap before GC invocations=46 (full 0):
 garbage-first heap   total 240640K, used 178964K [0x0000000080000000, 0x0000000100000000)
  region size 1024K, 98 young (100352K), 3 survivors (3072K)
 Metaspace       used 99050K, capacity 101263K, committed 101324K, reserved 1138688K
  class space    used 12146K, capacity 12957K, committed 13004K, reserved 1048576K
}
Event: 31.594 GC heap after
{Heap after GC invocations=47 (full 0):
 garbage-first heap   total 240640K, used 86815K [0x0000000080000000, 0x0000000100000000)
  region size 1024K, 7 young (7168K), 7 survivors (7168K)
 Metaspace       used 99050K, capacity 101263K, committed 101324K, reserved 1138688K
  class space    used 12146K, capacity 12957K, committed 13004K, reserved 1048576K
}
Event: 33.062 GC heap before
{Heap before GC invocations=47 (full 0):
 garbage-first heap   total 240640K, used 202527K [0x0000000080000000, 0x0000000100000000)
  region size 1024K, 103 young (105472K), 7 survivors (7168K)
 Metaspace       used 102076K, capacity 104435K, committed 104652K, reserved 1140736K
  class space    used 12552K, capacity 13401K, committed 13516K, reserved 1048576K
}
Event: 33.090 GC heap after
{Heap after GC invocations=48 (full 0):
 garbage-first heap   total 240640K, used 113592K [0x0000000080000000, 0x0000000100000000)
  region size 1024K, 13 young (13312K), 13 survivors (13312K)
 Metaspace       used 102076K, capacity 104435K, committed 104652K, reserved 1140736K
  class space    used 12552K, capacity 13401K, committed 13516K, reserved 1048576K
}
Event: 34.026 GC heap before
{Heap before GC invocations=48 (full 0):
 garbage-first heap   total 240640K, used 184248K [0x0000000080000000, 0x0000000100000000)
  region size 1024K, 82 young (83968K), 13 survivors (13312K)
 Metaspace       used 104354K, capacity 106793K, committed 106828K, reserved 1142784K
  class space    used 12986K, capacity 13886K, committed 13900K, reserved 1048576K
}
Event: 34.093 GC heap after
{Heap after GC invocations=49 (full 0):
 garbage-first heap   total 240640K, used 130837K [0x0000000080000000, 0x0000000100000000)
  region size 1024K, 11 young (11264K), 11 survivors (11264K)
 Metaspace       used 104354K, capacity 106793K, committed 106828K, reserved 1142784K
  class space    used 12986K, capacity 13886K, committed 13900K, reserved 1048576K
}

