# JRE version: OpenJDK Runtime Environment (11.0.8+10) (build 11.0.8+10-b944.6842174)
# Java VM: OpenJDK 64-Bit Server VM (11.0.8+10-b944.6842174, mixed mode, tiered, compressed oops, g1 gc, windows-amd64)
Heap:
 garbage-first heap   total 267264K, used 151040K [0x0000000080000000, 0x0000000100000000)
  region size 1024K, 3 young (3072K), 3 survivors (3072K)
 Metaspace       used 91235K, capacity 93441K, committed 93644K, reserved 1130496K
  class space    used 11880K, capacity 12666K, committed 12748K, reserved 1048576K
GC Heap History (20 events):
Event: 14.876 GC heap after
{Heap after GC invocations=24 (full 0):
 garbage-first heap   total 138240K, used 63733K [0x0000000080000000, 0x0000000100000000)
  region size 1024K, 4 young (4096K), 4 survivors (4096K)
 Metaspace       used 78994K, capacity 80983K, committed 81228K, reserved 1120256K
  class space    used 10259K, capacity 10992K, committed 11084K, reserved 1048576K
}
Event: 15.529 GC heap before
{Heap before GC invocations=24 (full 0):
 garbage-first heap   total 138240K, used 107765K [0x0000000080000000, 0x0000000100000000)
  region size 1024K, 48 young (49152K), 4 survivors (4096K)
 Metaspace       used 79485K, capacity 81536K, committed 81740K, reserved 1120256K
  class space    used 10284K, capacity 11013K, committed 11084K, reserved 1048576K
}
Event: 15.541 GC heap after
{Heap after GC invocations=25 (full 0):
 garbage-first heap   total 165888K, used 66355K [0x0000000080000000, 0x0000000100000000)
  region size 1024K, 4 young (4096K), 4 survivors (4096K)
 Metaspace       used 79485K, capacity 81536K, committed 81740K, reserved 1120256K
  class space    used 10284K, capacity 11013K, committed 11084K, reserved 1048576K
}
Event: 16.624 GC heap before
{Heap before GC invocations=25 (full 0):
 garbage-first heap   total 165888K, used 125747K [0x0000000080000000, 0x0000000100000000)
  region size 1024K, 63 young (64512K), 4 survivors (4096K)
 Metaspace       used 82657K, capacity 84831K, committed 84940K, reserved 1122304K
  class space    used 10683K, capacity 11450K, committed 11468K, reserved 1048576K
}
Event: 16.634 GC heap after
{Heap after GC invocations=26 (full 0):
 garbage-first heap   total 165888K, used 67506K [0x0000000080000000, 0x0000000100000000)
  region size 1024K, 5 young (5120K), 5 survivors (5120K)
 Metaspace       used 82657K, capacity 84831K, committed 84940K, reserved 1122304K
  class space    used 10683K, capacity 11450K, committed 11468K, reserved 1048576K
}
Event: 17.645 GC heap before
{Heap before GC invocations=26 (full 0):
 garbage-first heap   total 165888K, used 130994K [0x0000000080000000, 0x0000000100000000)
  region size 1024K, 68 young (69632K), 5 survivors (5120K)
 Metaspace       used 85162K, capacity 87326K, committed 87628K, reserved 1124352K
  class space    used 10995K, capacity 11787K, committed 11852K, reserved 1048576K
}
Event: 17.662 GC heap after
{Heap after GC invocations=27 (full 0):
 garbage-first heap   total 165888K, used 70850K [0x0000000080000000, 0x0000000100000000)
  region size 1024K, 8 young (8192K), 8 survivors (8192K)
 Metaspace       used 85162K, capacity 87326K, committed 87628K, reserved 1124352K
  class space    used 10995K, capacity 11787K, committed 11852K, reserved 1048576K
}
Event: 19.524 GC heap before
{Heap before GC invocations=27 (full 0):
 garbage-first heap   total 165888K, used 139458K [0x0000000080000000, 0x0000000100000000)
  region size 1024K, 70 young (71680K), 8 survivors (8192K)
 Metaspace       used 87178K, capacity 89443K, committed 89676K, reserved 1126400K
  class space    used 11270K, capacity 12074K, committed 12108K, reserved 1048576K
}
Event: 19.543 GC heap after
{Heap after GC invocations=28 (full 0):
 garbage-first heap   total 165888K, used 84289K [0x0000000080000000, 0x0000000100000000)
  region size 1024K, 9 young (9216K), 9 survivors (9216K)
 Metaspace       used 87178K, capacity 89443K, committed 89676K, reserved 1126400K
  class space    used 11270K, capacity 12074K, committed 12108K, reserved 1048576K
}
Event: 19.604 GC heap before
{Heap before GC invocations=28 (full 0):
 garbage-first heap   total 165888K, used 89409K [0x0000000080000000, 0x0000000100000000)
  region size 1024K, 15 young (15360K), 9 survivors (9216K)
 Metaspace       used 87625K, capacity 89922K, committed 90060K, reserved 1126400K
  class space    used 11337K, capacity 12151K, committed 12236K, reserved 1048576K
}
Event: 19.616 GC heap after
{Heap after GC invocations=29 (full 0):
 garbage-first heap   total 165888K, used 84992K [0x0000000080000000, 0x0000000100000000)
  region size 1024K, 1 young (1024K), 1 survivors (1024K)
 Metaspace       used 87625K, capacity 89922K, committed 90060K, reserved 1126400K
  class space    used 11337K, capacity 12151K, committed 12236K, reserved 1048576K
}
Event: 20.090 GC heap before
{Heap before GC invocations=30 (full 0):
 garbage-first heap   total 165888K, used 126976K [0x0000000080000000, 0x0000000100000000)
  region size 1024K, 31 young (31744K), 1 survivors (1024K)
 Metaspace       used 88299K, capacity 90499K, committed 90956K, reserved 1128448K
  class space    used 11398K, capacity 12179K, committed 12364K, reserved 1048576K
}
Event: 20.108 GC heap after
{Heap after GC invocations=31 (full 0):
 garbage-first heap   total 199680K, used 100875K [0x0000000080000000, 0x0000000100000000)
  region size 1024K, 4 young (4096K), 4 survivors (4096K)
 Metaspace       used 88299K, capacity 90499K, committed 90956K, reserved 1128448K
  class space    used 11398K, capacity 12179K, committed 12364K, reserved 1048576K
}
Event: 20.442 GC heap before
{Heap before GC invocations=31 (full 0):
 garbage-first heap   total 199680K, used 128523K [0x0000000080000000, 0x0000000100000000)
  region size 1024K, 33 young (33792K), 4 survivors (4096K)
 Metaspace       used 88565K, capacity 90750K, committed 91212K, reserved 1128448K
  class space    used 11427K, capacity 12223K, committed 12364K, reserved 1048576K
}
Event: 20.474 GC heap after
{Heap after GC invocations=32 (full 0):
 garbage-first heap   total 199680K, used 110249K [0x0000000080000000, 0x0000000100000000)
  region size 1024K, 6 young (6144K), 6 survivors (6144K)
 Metaspace       used 88565K, capacity 90750K, committed 91212K, reserved 1128448K
  class space    used 11427K, capacity 12223K, committed 12364K, reserved 1048576K
}
Event: 21.364 GC heap before
{Heap before GC invocations=33 (full 0):
 garbage-first heap   total 199680K, used 144041K [0x0000000080000000, 0x0000000100000000)
  region size 1024K, 38 young (38912K), 6 survivors (6144K)
 Metaspace       used 90514K, capacity 92690K, committed 92748K, reserved 1130496K
  class space    used 11786K, capacity 12589K, committed 12620K, reserved 1048576K
}
Event: 21.411 GC heap after
{Heap after GC invocations=34 (full 0):
 garbage-first heap   total 199680K, used 126152K [0x0000000080000000, 0x0000000100000000)
  region size 1024K, 5 young (5120K), 5 survivors (5120K)
 Metaspace       used 90514K, capacity 92690K, committed 92748K, reserved 1130496K
  class space    used 11786K, capacity 12589K, committed 12620K, reserved 1048576K
}
Event: 21.583 GC heap before
{Heap before GC invocations=34 (full 0):
 garbage-first heap   total 199680K, used 151752K [0x0000000080000000, 0x0000000100000000)
  region size 1024K, 30 young (30720K), 5 survivors (5120K)
 Metaspace       used 90539K, capacity 92757K, committed 93004K, reserved 1130496K
  class space    used 11786K, capacity 12589K, committed 12620K, reserved 1048576K
}
Event: 21.627 GC heap after
{Heap after GC invocations=35 (full 0):
 garbage-first heap   total 199680K, used 141312K [0x0000000080000000, 0x0000000100000000)
  region size 1024K, 4 young (4096K), 4 survivors (4096K)
 Metaspace       used 90539K, capacity 92757K, committed 93004K, reserved 1130496K
  class space    used 11786K, capacity 12589K, committed 12620K, reserved 1048576K
}
Event: 22.078 GC heap before
{Heap before GC invocations=35 (full 0):
 garbage-first heap   total 199680K, used 158720K [0x0000000080000000, 0x0000000100000000)
  region size 1024K, 21 young (21504K), 4 survivors (4096K)
 Metaspace       used 91235K, capacity 93441K, committed 93644K, reserved 1130496K
  class space    used 11880K, capacity 12666K, committed 12748K, reserved 1048576K
}

