# JRE version: OpenJDK Runtime Environment (11.0.8+10) (build 11.0.8+10-b944.6842174)
# Java VM: OpenJDK 64-Bit Server VM (11.0.8+10-b944.6842174, mixed mode, tiered, compressed oops, g1 gc, windows-amd64)
Heap:
 garbage-first heap   total 286720K, used 140288K [0x0000000080000000, 0x0000000100000000)
  region size 1024K, 6 young (6144K), 6 survivors (6144K)
 Metaspace       used 90205K, capacity 92369K, committed 92492K, reserved 1128448K
  class space    used 11767K, capacity 12558K, committed 12620K, reserved 1048576K
GC Heap History (20 events):
Event: 12.113 GC heap after
{Heap after GC invocations=22 (full 0):
 garbage-first heap   total 138240K, used 58160K [0x0000000080000000, 0x0000000100000000)
  region size 1024K, 6 young (6144K), 6 survivors (6144K)
 Metaspace       used 74641K, capacity 76406K, committed 76748K, reserved 1116160K
  class space    used 9741K, capacity 10357K, committed 10444K, reserved 1048576K
}
Event: 13.219 GC heap before
{Heap before GC invocations=22 (full 0):
 garbage-first heap   total 138240K, used 104240K [0x0000000080000000, 0x0000000100000000)
  region size 1024K, 52 young (53248K), 6 survivors (6144K)
 Metaspace       used 78721K, capacity 80709K, committed 80972K, reserved 1120256K
  class space    used 10258K, capacity 10995K, committed 11084K, reserved 1048576K
}
Event: 13.236 GC heap after
{Heap after GC invocations=23 (full 0):
 garbage-first heap   total 138240K, used 61406K [0x0000000080000000, 0x0000000100000000)
  region size 1024K, 7 young (7168K), 7 survivors (7168K)
 Metaspace       used 78721K, capacity 80709K, committed 80972K, reserved 1120256K
  class space    used 10258K, capacity 10995K, committed 11084K, reserved 1048576K
}
Event: 14.135 GC heap before
{Heap before GC invocations=23 (full 0):
 garbage-first heap   total 138240K, used 106462K [0x0000000080000000, 0x0000000100000000)
  region size 1024K, 52 young (53248K), 7 survivors (7168K)
 Metaspace       used 79292K, capacity 81310K, committed 81484K, reserved 1120256K
  class space    used 10279K, capacity 11010K, committed 11084K, reserved 1048576K
}
Event: 14.152 GC heap after
{Heap after GC invocations=24 (full 0):
 garbage-first heap   total 165888K, used 64751K [0x0000000080000000, 0x0000000100000000)
  region size 1024K, 7 young (7168K), 7 survivors (7168K)
 Metaspace       used 79292K, capacity 81310K, committed 81484K, reserved 1120256K
  class space    used 10279K, capacity 11010K, committed 11084K, reserved 1048576K
}
Event: 14.926 GC heap before
{Heap before GC invocations=24 (full 0):
 garbage-first heap   total 165888K, used 124143K [0x0000000080000000, 0x0000000100000000)
  region size 1024K, 66 young (67584K), 7 survivors (7168K)
 Metaspace       used 79710K, capacity 81742K, committed 81996K, reserved 1120256K
  class space    used 10298K, capacity 11027K, committed 11084K, reserved 1048576K
}
Event: 14.943 GC heap after
{Heap after GC invocations=25 (full 0):
 garbage-first heap   total 165888K, used 68653K [0x0000000080000000, 0x0000000100000000)
  region size 1024K, 7 young (7168K), 7 survivors (7168K)
 Metaspace       used 79710K, capacity 81742K, committed 81996K, reserved 1120256K
  class space    used 10298K, capacity 11027K, committed 11084K, reserved 1048576K
}
Event: 15.703 GC heap before
{Heap before GC invocations=25 (full 0):
 garbage-first heap   total 165888K, used 130093K [0x0000000080000000, 0x0000000100000000)
  region size 1024K, 67 young (68608K), 7 survivors (7168K)
 Metaspace       used 82304K, capacity 84467K, committed 84684K, reserved 1122304K
  class space    used 10676K, capacity 11447K, committed 11468K, reserved 1048576K
}
Event: 15.719 GC heap after
{Heap after GC invocations=26 (full 0):
 garbage-first heap   total 165888K, used 71773K [0x0000000080000000, 0x0000000100000000)
  region size 1024K, 7 young (7168K), 7 survivors (7168K)
 Metaspace       used 82304K, capacity 84467K, committed 84684K, reserved 1122304K
  class space    used 10676K, capacity 11447K, committed 11468K, reserved 1048576K
}
Event: 16.438 GC heap before
{Heap before GC invocations=26 (full 0):
 garbage-first heap   total 165888K, used 132189K [0x0000000080000000, 0x0000000100000000)
  region size 1024K, 66 young (67584K), 7 survivors (7168K)
 Metaspace       used 84697K, capacity 86857K, committed 87116K, reserved 1124352K
  class space    used 10957K, capacity 11774K, committed 11852K, reserved 1048576K
}
Event: 16.456 GC heap after
{Heap after GC invocations=27 (full 0):
 garbage-first heap   total 165888K, used 74650K [0x0000000080000000, 0x0000000100000000)
  region size 1024K, 6 young (6144K), 6 survivors (6144K)
 Metaspace       used 84697K, capacity 86857K, committed 87116K, reserved 1124352K
  class space    used 10957K, capacity 11774K, committed 11852K, reserved 1048576K
}
Event: 16.683 GC heap before
{Heap before GC invocations=27 (full 0):
 garbage-first heap   total 165888K, used 95130K [0x0000000080000000, 0x0000000100000000)
  region size 1024K, 23 young (23552K), 6 survivors (6144K)
 Metaspace       used 85026K, capacity 87214K, committed 87372K, reserved 1124352K
  class space    used 10981K, capacity 11781K, committed 11852K, reserved 1048576K
}
Event: 16.703 GC heap after
{Heap after GC invocations=28 (full 0):
 garbage-first heap   total 199680K, used 84452K [0x0000000080000000, 0x0000000100000000)
  region size 1024K, 8 young (8192K), 8 survivors (8192K)
 Metaspace       used 85026K, capacity 87214K, committed 87372K, reserved 1124352K
  class space    used 10981K, capacity 11781K, committed 11852K, reserved 1048576K
}
Event: 17.385 GC heap before
{Heap before GC invocations=29 (full 0):
 garbage-first heap   total 199680K, used 130532K [0x0000000080000000, 0x0000000100000000)
  region size 1024K, 43 young (44032K), 8 survivors (8192K)
 Metaspace       used 87411K, capacity 89529K, committed 89804K, reserved 1126400K
  class space    used 11307K, capacity 12087K, committed 12236K, reserved 1048576K
}
Event: 17.407 GC heap after
{Heap after GC invocations=30 (full 0):
 garbage-first heap   total 199680K, used 98304K [0x0000000080000000, 0x0000000100000000)
  region size 1024K, 9 young (9216K), 9 survivors (9216K)
 Metaspace       used 87411K, capacity 89529K, committed 89804K, reserved 1126400K
  class space    used 11307K, capacity 12087K, committed 12236K, reserved 1048576K
}
Event: 18.011 GC heap before
{Heap before GC invocations=31 (full 0):
 garbage-first heap   total 199680K, used 145408K [0x0000000080000000, 0x0000000100000000)
  region size 1024K, 56 young (57344K), 9 survivors (9216K)
 Metaspace       used 88079K, capacity 90263K, committed 90316K, reserved 1128448K
  class space    used 11398K, capacity 12203K, committed 12236K, reserved 1048576K
}
Event: 18.084 GC heap after
{Heap after GC invocations=32 (full 0):
 garbage-first heap   total 199680K, used 114123K [0x0000000080000000, 0x0000000100000000)
  region size 1024K, 8 young (8192K), 8 survivors (8192K)
 Metaspace       used 88079K, capacity 90263K, committed 90316K, reserved 1128448K
  class space    used 11398K, capacity 12203K, committed 12236K, reserved 1048576K
}
Event: 18.789 GC heap before
{Heap before GC invocations=33 (full 0):
 garbage-first heap   total 199680K, used 155083K [0x0000000080000000, 0x0000000100000000)
  region size 1024K, 47 young (48128K), 8 survivors (8192K)
 Metaspace       used 90068K, capacity 92292K, committed 92492K, reserved 1128448K
  class space    used 11767K, capacity 12558K, committed 12620K, reserved 1048576K
}
Event: 18.822 GC heap after
{Heap after GC invocations=34 (full 0):
 garbage-first heap   total 199680K, used 119803K [0x0000000080000000, 0x0000000100000000)
  region size 1024K, 4 young (4096K), 4 survivors (4096K)
 Metaspace       used 90068K, capacity 92292K, committed 92492K, reserved 1128448K
  class space    used 11767K, capacity 12558K, committed 12620K, reserved 1048576K
}
Event: 19.285 GC heap before
{Heap before GC invocations=34 (full 0):
 garbage-first heap   total 199680K, used 157691K [0x0000000080000000, 0x0000000100000000)
  region size 1024K, 42 young (43008K), 4 survivors (4096K)
 Metaspace       used 90205K, capacity 92369K, committed 92492K, reserved 1128448K
  class space    used 11767K, capacity 12558K, committed 12620K, reserved 1048576K
}

