# JRE version: OpenJDK Runtime Environment (11.0.8+10) (build 11.0.8+10-b944.6842174)
# Java VM: OpenJDK 64-Bit Server VM (11.0.8+10-b944.6842174, mixed mode, tiered, compressed oops, g1 gc, windows-amd64)
Heap:
 garbage-first heap   total 352256K, used 134435K [0x0000000080000000, 0x0000000100000000)
  region size 1024K, 2 young (2048K), 2 survivors (2048K)
 Metaspace       used 104945K, capacity 107384K, committed 107724K, reserved 1142784K
  class space    used 13037K, capacity 13931K, committed 14028K, reserved 1048576K
GC Heap History (20 events):
Event: 80.304 GC heap after
{Heap after GC invocations=56 (full 0):
 garbage-first heap   total 207872K, used 99361K [0x0000000080000000, 0x0000000100000000)
  region size 1024K, 2 young (2048K), 2 survivors (2048K)
 Metaspace       used 92181K, capacity 94391K, committed 94668K, reserved 1132544K
  class space    used 11378K, capacity 12199K, committed 12236K, reserved 1048576K
}
Event: 80.361 GC heap before
{Heap before GC invocations=56 (full 0):
 garbage-first heap   total 207872K, used 107553K [0x0000000080000000, 0x0000000100000000)
  region size 1024K, 10 young (10240K), 2 survivors (2048K)
 Metaspace       used 92182K, capacity 94391K, committed 94668K, reserved 1132544K
  class space    used 11378K, capacity 12199K, committed 12236K, reserved 1048576K
}
Event: 80.366 GC heap after
{Heap after GC invocations=57 (full 0):
 garbage-first heap   total 207872K, used 86212K [0x0000000080000000, 0x0000000100000000)
  region size 1024K, 1 young (1024K), 1 survivors (1024K)
 Metaspace       used 92182K, capacity 94391K, committed 94668K, reserved 1132544K
  class space    used 11378K, capacity 12199K, committed 12236K, reserved 1048576K
}
Event: 80.770 GC heap before
{Heap before GC invocations=57 (full 0):
 garbage-first heap   total 207872K, used 133316K [0x0000000080000000, 0x0000000100000000)
  region size 1024K, 47 young (48128K), 1 survivors (1024K)
 Metaspace       used 92333K, capacity 94519K, committed 94668K, reserved 1132544K
  class space    used 11382K, capacity 12199K, committed 12236K, reserved 1048576K
}
Event: 80.773 GC heap after
{Heap after GC invocations=58 (full 0):
 garbage-first heap   total 207872K, used 85679K [0x0000000080000000, 0x0000000100000000)
  region size 1024K, 1 young (1024K), 1 survivors (1024K)
 Metaspace       used 92333K, capacity 94519K, committed 94668K, reserved 1132544K
  class space    used 11382K, capacity 12199K, committed 12236K, reserved 1048576K
}
Event: 81.862 GC heap before
{Heap before GC invocations=58 (full 0):
 garbage-first heap   total 207872K, used 146095K [0x0000000080000000, 0x0000000100000000)
  region size 1024K, 61 young (62464K), 1 survivors (1024K)
 Metaspace       used 93235K, capacity 95512K, committed 95820K, reserved 1132544K
  class space    used 11451K, capacity 12268K, committed 12364K, reserved 1048576K
}
Event: 81.868 GC heap after
{Heap after GC invocations=59 (full 0):
 garbage-first heap   total 207872K, used 86752K [0x0000000080000000, 0x0000000100000000)
  region size 1024K, 2 young (2048K), 2 survivors (2048K)
 Metaspace       used 93235K, capacity 95512K, committed 95820K, reserved 1132544K
  class space    used 11451K, capacity 12268K, committed 12364K, reserved 1048576K
}
Event: 83.072 GC heap before
{Heap before GC invocations=59 (full 0):
 garbage-first heap   total 207872K, used 154336K [0x0000000080000000, 0x0000000100000000)
  region size 1024K, 69 young (70656K), 2 survivors (2048K)
 Metaspace       used 96030K, capacity 98265K, committed 98380K, reserved 1134592K
  class space    used 11782K, capacity 12581K, committed 12620K, reserved 1048576K
}
Event: 83.082 GC heap after
{Heap after GC invocations=60 (full 0):
 garbage-first heap   total 207872K, used 87704K [0x0000000080000000, 0x0000000100000000)
  region size 1024K, 3 young (3072K), 3 survivors (3072K)
 Metaspace       used 96030K, capacity 98265K, committed 98380K, reserved 1134592K
  class space    used 11782K, capacity 12581K, committed 12620K, reserved 1048576K
}
Event: 84.256 GC heap before
{Heap before GC invocations=60 (full 0):
 garbage-first heap   total 207872K, used 156312K [0x0000000080000000, 0x0000000100000000)
  region size 1024K, 71 young (72704K), 3 survivors (3072K)
 Metaspace       used 98886K, capacity 101108K, committed 101324K, reserved 1138688K
  class space    used 12132K, capacity 12929K, committed 13004K, reserved 1048576K
}
Event: 84.270 GC heap after
{Heap after GC invocations=61 (full 0):
 garbage-first heap   total 207872K, used 91372K [0x0000000080000000, 0x0000000100000000)
  region size 1024K, 6 young (6144K), 6 survivors (6144K)
 Metaspace       used 98886K, capacity 101108K, committed 101324K, reserved 1138688K
  class space    used 12132K, capacity 12929K, committed 13004K, reserved 1048576K
}
Event: 85.244 GC heap before
{Heap before GC invocations=61 (full 0):
 garbage-first heap   total 207872K, used 167148K [0x0000000080000000, 0x0000000100000000)
  region size 1024K, 75 young (76800K), 6 survivors (6144K)
 Metaspace       used 100241K, capacity 102566K, committed 102860K, reserved 1138688K
  class space    used 12305K, capacity 13146K, committed 13260K, reserved 1048576K
}
Event: 85.266 GC heap after
{Heap after GC invocations=62 (full 0):
 garbage-first heap   total 249856K, used 106187K [0x0000000080000000, 0x0000000100000000)
  region size 1024K, 10 young (10240K), 10 survivors (10240K)
 Metaspace       used 100241K, capacity 102566K, committed 102860K, reserved 1138688K
  class space    used 12305K, capacity 13146K, committed 13260K, reserved 1048576K
}
Event: 86.283 GC heap before
{Heap before GC invocations=62 (full 0):
 garbage-first heap   total 249856K, used 194251K [0x0000000080000000, 0x0000000100000000)
  region size 1024K, 85 young (87040K), 10 survivors (10240K)
 Metaspace       used 102647K, capacity 105012K, committed 105164K, reserved 1140736K
  class space    used 12624K, capacity 13485K, committed 13516K, reserved 1048576K
}
Event: 86.321 GC heap after
{Heap after GC invocations=63 (full 0):
 garbage-first heap   total 249856K, used 128801K [0x0000000080000000, 0x0000000100000000)
  region size 1024K, 11 young (11264K), 11 survivors (11264K)
 Metaspace       used 102647K, capacity 105012K, committed 105164K, reserved 1140736K
  class space    used 12624K, capacity 13485K, committed 13516K, reserved 1048576K
}
Event: 86.430 GC heap before
{Heap before GC invocations=63 (full 0):
 garbage-first heap   total 249856K, used 145185K [0x0000000080000000, 0x0000000100000000)
  region size 1024K, 28 young (28672K), 11 survivors (11264K)
 Metaspace       used 102726K, capacity 105062K, committed 105164K, reserved 1140736K
  class space    used 12638K, capacity 13502K, committed 13516K, reserved 1048576K
}
Event: 86.485 GC heap after
{Heap after GC invocations=64 (full 0):
 garbage-first heap   total 249856K, used 134417K [0x0000000080000000, 0x0000000100000000)
  region size 1024K, 5 young (5120K), 5 survivors (5120K)
 Metaspace       used 102726K, capacity 105062K, committed 105164K, reserved 1140736K
  class space    used 12638K, capacity 13502K, committed 13516K, reserved 1048576K
}
Event: 87.190 GC heap before
{Heap before GC invocations=65 (full 0):
 garbage-first heap   total 249856K, used 178449K [0x0000000080000000, 0x0000000100000000)
  region size 1024K, 49 young (50176K), 5 survivors (5120K)
 Metaspace       used 104901K, capacity 107376K, committed 107724K, reserved 1142784K
  class space    used 13037K, capacity 13931K, committed 14028K, reserved 1048576K
}
Event: 87.220 GC heap after
{Heap after GC invocations=66 (full 0):
 garbage-first heap   total 249856K, used 140245K [0x0000000080000000, 0x0000000100000000)
  region size 1024K, 6 young (6144K), 6 survivors (6144K)
 Metaspace       used 104901K, capacity 107376K, committed 107724K, reserved 1142784K
  class space    used 13037K, capacity 13931K, committed 14028K, reserved 1048576K
}
Event: 87.286 GC heap before
{Heap before GC invocations=66 (full 0):
 garbage-first heap   total 249856K, used 146389K [0x0000000080000000, 0x0000000100000000)
  region size 1024K, 12 young (12288K), 6 survivors (6144K)
 Metaspace       used 104945K, capacity 107384K, committed 107724K, reserved 1142784K
  class space    used 13037K, capacity 13931K, committed 14028K, reserved 1048576K
}

