# JRE version: OpenJDK Runtime Environment (11.0.8+10) (build 11.0.8+10-b944.6842174)
# Java VM: OpenJDK 64-Bit Server VM (11.0.8+10-b944.6842174, mixed mode, tiered, compressed oops, g1 gc, windows-amd64)
Heap:
 garbage-first heap   total 199680K, used 141115K [0x0000000080000000, 0x0000000100000000)
  region size 1024K, 27 young (27648K), 6 survivors (6144K)
 Metaspace       used 87178K, capacity 89209K, committed 89292K, reserved 1126400K
  class space    used 10998K, capacity 11756K, committed 11776K, reserved 1048576K
GC Heap History (20 events):
Event: 18.960 GC heap before
{Heap before GC invocations=25 (full 0):
 garbage-first heap   total 138240K, used 105838K [0x0000000080000000, 0x0000000100000000)
  region size 1024K, 51 young (52224K), 6 survivors (6144K)
 Metaspace       used 79365K, capacity 81454K, committed 81740K, reserved 1120256K
  class space    used 10289K, capacity 11056K, committed 11136K, reserved 1048576K
}
Event: 18.974 GC heap after
{Heap after GC invocations=26 (full 0):
 garbage-first heap   total 138240K, used 64182K [0x0000000080000000, 0x0000000100000000)
  region size 1024K, 7 young (7168K), 7 survivors (7168K)
 Metaspace       used 79365K, capacity 81454K, committed 81740K, reserved 1120256K
  class space    used 10289K, capacity 11056K, committed 11136K, reserved 1048576K
}
Event: 20.267 GC heap before
{Heap before GC invocations=26 (full 0):
 garbage-first heap   total 138240K, used 108214K [0x0000000080000000, 0x0000000100000000)
  region size 1024K, 51 young (52224K), 7 survivors (7168K)
 Metaspace       used 80817K, capacity 82955K, committed 83148K, reserved 1122304K
  class space    used 10455K, capacity 11228K, committed 11264K, reserved 1048576K
}
Event: 20.281 GC heap after
{Heap after GC invocations=27 (full 0):
 garbage-first heap   total 138240K, used 65918K [0x0000000080000000, 0x0000000100000000)
  region size 1024K, 5 young (5120K), 5 survivors (5120K)
 Metaspace       used 80817K, capacity 82955K, committed 83148K, reserved 1122304K
  class space    used 10455K, capacity 11228K, committed 11264K, reserved 1048576K
}
Event: 20.885 GC heap before
{Heap before GC invocations=27 (full 0):
 garbage-first heap   total 138240K, used 110974K [0x0000000080000000, 0x0000000100000000)
  region size 1024K, 50 young (51200K), 5 survivors (5120K)
 Metaspace       used 81053K, capacity 83158K, committed 83404K, reserved 1122304K
  class space    used 10455K, capacity 11228K, committed 11264K, reserved 1048576K
}
Event: 20.917 GC heap after
{Heap after GC invocations=28 (full 0):
 garbage-first heap   total 165888K, used 82187K [0x0000000080000000, 0x0000000100000000)
  region size 1024K, 7 young (7168K), 7 survivors (7168K)
 Metaspace       used 81053K, capacity 83158K, committed 83404K, reserved 1122304K
  class space    used 10455K, capacity 11228K, committed 11264K, reserved 1048576K
}
Event: 21.270 GC heap before
{Heap before GC invocations=28 (full 0):
 garbage-first heap   total 165888K, used 109835K [0x0000000080000000, 0x0000000100000000)
  region size 1024K, 36 young (36864K), 7 survivors (7168K)
 Metaspace       used 81124K, capacity 83222K, committed 83404K, reserved 1122304K
  class space    used 10455K, capacity 11228K, committed 11264K, reserved 1048576K
}
Event: 21.308 GC heap after
{Heap after GC invocations=29 (full 0):
 garbage-first heap   total 165888K, used 88064K [0x0000000080000000, 0x0000000100000000)
  region size 1024K, 5 young (5120K), 5 survivors (5120K)
 Metaspace       used 81124K, capacity 83222K, committed 83404K, reserved 1122304K
  class space    used 10455K, capacity 11228K, committed 11264K, reserved 1048576K
}
Event: 21.808 GC heap before
{Heap before GC invocations=30 (full 0):
 garbage-first heap   total 165888K, used 125952K [0x0000000080000000, 0x0000000100000000)
  region size 1024K, 40 young (40960K), 5 survivors (5120K)
 Metaspace       used 81133K, capacity 83139K, committed 83404K, reserved 1122304K
  class space    used 10415K, capacity 11155K, committed 11264K, reserved 1048576K
}
Event: 21.828 GC heap after
{Heap after GC invocations=31 (full 0):
 garbage-first heap   total 165888K, used 97037K [0x0000000080000000, 0x0000000100000000)
  region size 1024K, 5 young (5120K), 5 survivors (5120K)
 Metaspace       used 81133K, capacity 83139K, committed 83404K, reserved 1122304K
  class space    used 10415K, capacity 11155K, committed 11264K, reserved 1048576K
}
Event: 22.223 GC heap before
{Heap before GC invocations=31 (full 0):
 garbage-first heap   total 165888K, used 127757K [0x0000000080000000, 0x0000000100000000)
  region size 1024K, 36 young (36864K), 5 survivors (5120K)
 Metaspace       used 81339K, capacity 83282K, committed 83660K, reserved 1122304K
  class space    used 10434K, capacity 11160K, committed 11264K, reserved 1048576K
}
Event: 22.235 GC heap after
{Heap after GC invocations=32 (full 0):
 garbage-first heap   total 165888K, used 99687K [0x0000000080000000, 0x0000000100000000)
  region size 1024K, 2 young (2048K), 2 survivors (2048K)
 Metaspace       used 81339K, capacity 83282K, committed 83660K, reserved 1122304K
  class space    used 10434K, capacity 11160K, committed 11264K, reserved 1048576K
}
Event: 22.775 GC heap before
{Heap before GC invocations=33 (full 0):
 garbage-first heap   total 165888K, used 121191K [0x0000000080000000, 0x0000000100000000)
  region size 1024K, 24 young (24576K), 2 survivors (2048K)
 Metaspace       used 81941K, capacity 84054K, committed 84300K, reserved 1122304K
  class space    used 10503K, capacity 11247K, committed 11392K, reserved 1048576K
}
Event: 22.795 GC heap after
{Heap after GC invocations=34 (full 0):
 garbage-first heap   total 199680K, used 100562K [0x0000000080000000, 0x0000000100000000)
  region size 1024K, 3 young (3072K), 3 survivors (3072K)
 Metaspace       used 81941K, capacity 84054K, committed 84300K, reserved 1122304K
  class space    used 10503K, capacity 11247K, committed 11392K, reserved 1048576K
}
Event: 23.969 GC heap before
{Heap before GC invocations=35 (full 0):
 garbage-first heap   total 199680K, used 151762K [0x0000000080000000, 0x0000000100000000)
  region size 1024K, 45 young (46080K), 3 survivors (3072K)
 Metaspace       used 84101K, capacity 86191K, committed 86604K, reserved 1124352K
  class space    used 10766K, capacity 11511K, committed 11648K, reserved 1048576K
}
Event: 23.996 GC heap after
{Heap after GC invocations=36 (full 0):
 garbage-first heap   total 199680K, used 107417K [0x0000000080000000, 0x0000000100000000)
  region size 1024K, 6 young (6144K), 6 survivors (6144K)
 Metaspace       used 84101K, capacity 86191K, committed 86604K, reserved 1124352K
  class space    used 10766K, capacity 11511K, committed 11648K, reserved 1048576K
}
Event: 24.573 GC heap before
{Heap before GC invocations=36 (full 0):
 garbage-first heap   total 199680K, used 136089K [0x0000000080000000, 0x0000000100000000)
  region size 1024K, 35 young (35840K), 6 survivors (6144K)
 Metaspace       used 84284K, capacity 86432K, committed 86604K, reserved 1124352K
  class space    used 10776K, capacity 11547K, committed 11648K, reserved 1048576K
}
Event: 24.601 GC heap after
{Heap after GC invocations=37 (full 0):
 garbage-first heap   total 199680K, used 114680K [0x0000000080000000, 0x0000000100000000)
  region size 1024K, 6 young (6144K), 6 survivors (6144K)
 Metaspace       used 84284K, capacity 86432K, committed 86604K, reserved 1124352K
  class space    used 10776K, capacity 11547K, committed 11648K, reserved 1048576K
}
Event: 25.282 GC heap before
{Heap before GC invocations=38 (full 0):
 garbage-first heap   total 199680K, used 166904K [0x0000000080000000, 0x0000000100000000)
  region size 1024K, 41 young (41984K), 6 survivors (6144K)
 Metaspace       used 84912K, capacity 87024K, committed 87372K, reserved 1124352K
  class space    used 10808K, capacity 11561K, committed 11648K, reserved 1048576K
}
Event: 25.299 GC heap after
{Heap after GC invocations=39 (full 0):
 garbage-first heap   total 199680K, used 120635K [0x0000000080000000, 0x0000000100000000)
  region size 1024K, 6 young (6144K), 6 survivors (6144K)
 Metaspace       used 84912K, capacity 87024K, committed 87372K, reserved 1124352K
  class space    used 10808K, capacity 11561K, committed 11648K, reserved 1048576K
}

