# JRE version: OpenJDK Runtime Environment (11.0.8+10) (build 11.0.8+10-b944.6842174)
# Java VM: OpenJDK 64-Bit Server VM (11.0.8+10-b944.6842174, mixed mode, tiered, compressed oops, g1 gc, windows-amd64)
Heap:
 garbage-first heap   total 217088K, used 102588K [0x0000000080000000, 0x0000000100000000)
  region size 1024K, 6 young (6144K), 1 survivors (1024K)
 Metaspace       used 126892K, capacity 131370K, committed 131568K, reserved 1163264K
  class space    used 15464K, capacity 17091K, committed 17100K, reserved 1048576K
GC Heap History (20 events):
Event: 1383.637 GC heap before
{Heap before GC invocations=201 (full 0):
 garbage-first heap   total 217088K, used 154621K [0x0000000080000000, 0x0000000100000000)
  region size 1024K, 38 young (38912K), 4 survivors (4096K)
 Metaspace       used 126762K, capacity 131216K, committed 131312K, reserved 1163264K
  class space    used 15460K, capacity 17086K, committed 17100K, reserved 1048576K
}
Event: 1383.644 GC heap after
{Heap after GC invocations=202 (full 0):
 garbage-first heap   total 217088K, used 109243K [0x0000000080000000, 0x0000000100000000)
  region size 1024K, 1 young (1024K), 1 survivors (1024K)
 Metaspace       used 126762K, capacity 131216K, committed 131312K, reserved 1163264K
  class space    used 15460K, capacity 17086K, committed 17100K, reserved 1048576K
}
Event: 1383.791 GC heap before
{Heap before GC invocations=202 (full 0):
 garbage-first heap   total 217088K, used 117435K [0x0000000080000000, 0x0000000100000000)
  region size 1024K, 10 young (10240K), 1 survivors (1024K)
 Metaspace       used 126768K, capacity 131216K, committed 131312K, reserved 1163264K
  class space    used 15460K, capacity 17086K, committed 17100K, reserved 1048576K
}
Event: 1383.803 GC heap after
{Heap after GC invocations=203 (full 0):
 garbage-first heap   total 217088K, used 97792K [0x0000000080000000, 0x0000000100000000)
  region size 1024K, 2 young (2048K), 2 survivors (2048K)
 Metaspace       used 126768K, capacity 131216K, committed 131312K, reserved 1163264K
  class space    used 15460K, capacity 17086K, committed 17100K, reserved 1048576K
}
Event: 1384.386 GC heap before
{Heap before GC invocations=203 (full 0):
 garbage-first heap   total 217088K, used 123392K [0x0000000080000000, 0x0000000100000000)
  region size 1024K, 28 young (28672K), 2 survivors (2048K)
 Metaspace       used 126797K, capacity 131217K, committed 131312K, reserved 1163264K
  class space    used 15461K, capacity 17086K, committed 17100K, reserved 1048576K
}
Event: 1384.404 GC heap after
{Heap after GC invocations=204 (full 0):
 garbage-first heap   total 217088K, used 100956K [0x0000000080000000, 0x0000000100000000)
  region size 1024K, 5 young (5120K), 5 survivors (5120K)
 Metaspace       used 126797K, capacity 131217K, committed 131312K, reserved 1163264K
  class space    used 15461K, capacity 17086K, committed 17100K, reserved 1048576K
}
Event: 1384.775 GC heap before
{Heap before GC invocations=204 (full 0):
 garbage-first heap   total 217088K, used 152156K [0x0000000080000000, 0x0000000100000000)
  region size 1024K, 54 young (55296K), 5 survivors (5120K)
 Metaspace       used 126812K, capacity 131217K, committed 131312K, reserved 1163264K
  class space    used 15461K, capacity 17086K, committed 17100K, reserved 1048576K
}
Event: 1384.825 GC heap after
{Heap after GC invocations=205 (full 0):
 garbage-first heap   total 217088K, used 126615K [0x0000000080000000, 0x0000000100000000)
  region size 1024K, 7 young (7168K), 7 survivors (7168K)
 Metaspace       used 126812K, capacity 131217K, committed 131312K, reserved 1163264K
  class space    used 15461K, capacity 17086K, committed 17100K, reserved 1048576K
}
Event: 1386.678 GC heap before
{Heap before GC invocations=206 (full 0):
 garbage-first heap   total 217088K, used 178839K [0x0000000080000000, 0x0000000100000000)
  region size 1024K, 42 young (43008K), 7 survivors (7168K)
 Metaspace       used 126856K, capacity 131384K, committed 131568K, reserved 1163264K
  class space    used 15465K, capacity 17094K, committed 17100K, reserved 1048576K
}
Event: 1386.712 GC heap after
{Heap after GC invocations=207 (full 0):
 garbage-first heap   total 217088K, used 134144K [0x0000000080000000, 0x0000000100000000)
  region size 1024K, 6 young (6144K), 6 survivors (6144K)
 Metaspace       used 126856K, capacity 131384K, committed 131568K, reserved 1163264K
  class space    used 15465K, capacity 17094K, committed 17100K, reserved 1048576K
}
Event: 1386.719 GC heap before
{Heap before GC invocations=207 (full 0):
 garbage-first heap   total 217088K, used 137216K [0x0000000080000000, 0x0000000100000000)
  region size 1024K, 10 young (10240K), 6 survivors (6144K)
 Metaspace       used 126856K, capacity 131384K, committed 131568K, reserved 1163264K
  class space    used 15465K, capacity 17094K, committed 17100K, reserved 1048576K
}
Event: 1386.744 GC heap after
{Heap after GC invocations=208 (full 0):
 garbage-first heap   total 217088K, used 132915K [0x0000000080000000, 0x0000000100000000)
  region size 1024K, 2 young (2048K), 2 survivors (2048K)
 Metaspace       used 126856K, capacity 131384K, committed 131568K, reserved 1163264K
  class space    used 15465K, capacity 17094K, committed 17100K, reserved 1048576K
}
Event: 1386.782 GC heap before
{Heap before GC invocations=208 (full 0):
 garbage-first heap   total 217088K, used 165683K [0x0000000080000000, 0x0000000100000000)
  region size 1024K, 35 young (35840K), 2 survivors (2048K)
 Metaspace       used 126856K, capacity 131384K, committed 131568K, reserved 1163264K
  class space    used 15465K, capacity 17094K, committed 17100K, reserved 1048576K
}
Event: 1386.792 GC heap after
{Heap after GC invocations=209 (full 0):
 garbage-first heap   total 217088K, used 135094K [0x0000000080000000, 0x0000000100000000)
  region size 1024K, 4 young (4096K), 4 survivors (4096K)
 Metaspace       used 126856K, capacity 131384K, committed 131568K, reserved 1163264K
  class space    used 15465K, capacity 17094K, committed 17100K, reserved 1048576K
}
Event: 1545.339 GC heap before
{Heap before GC invocations=210 (full 0):
 garbage-first heap   total 217088K, used 159670K [0x0000000080000000, 0x0000000100000000)
  region size 1024K, 38 young (38912K), 4 survivors (4096K)
 Metaspace       used 126864K, capacity 131370K, committed 131568K, reserved 1163264K
  class space    used 15463K, capacity 17091K, committed 17100K, reserved 1048576K
}
Event: 1545.353 GC heap after
{Heap after GC invocations=211 (full 0):
 garbage-first heap   total 217088K, used 113595K [0x0000000080000000, 0x0000000100000000)
  region size 1024K, 2 young (2048K), 2 survivors (2048K)
 Metaspace       used 126864K, capacity 131370K, committed 131568K, reserved 1163264K
  class space    used 15463K, capacity 17091K, committed 17100K, reserved 1048576K
}
Event: 1675.465 GC heap before
{Heap before GC invocations=211 (full 0):
 garbage-first heap   total 217088K, used 121787K [0x0000000080000000, 0x0000000100000000)
  region size 1024K, 10 young (10240K), 2 survivors (2048K)
 Metaspace       used 126873K, capacity 131370K, committed 131568K, reserved 1163264K
  class space    used 15463K, capacity 17091K, committed 17100K, reserved 1048576K
}
Event: 1675.550 GC heap after
{Heap after GC invocations=212 (full 0):
 garbage-first heap   total 217088K, used 98499K [0x0000000080000000, 0x0000000100000000)
  region size 1024K, 2 young (2048K), 2 survivors (2048K)
 Metaspace       used 126873K, capacity 131370K, committed 131568K, reserved 1163264K
  class space    used 15463K, capacity 17091K, committed 17100K, reserved 1048576K
}
Event: 1675.748 GC heap before
{Heap before GC invocations=212 (full 0):
 garbage-first heap   total 217088K, used 105667K [0x0000000080000000, 0x0000000100000000)
  region size 1024K, 10 young (10240K), 2 survivors (2048K)
 Metaspace       used 126873K, capacity 131370K, committed 131568K, reserved 1163264K
  class space    used 15463K, capacity 17091K, committed 17100K, reserved 1048576K
}
Event: 1675.762 GC heap after
{Heap after GC invocations=213 (full 0):
 garbage-first heap   total 217088K, used 98492K [0x0000000080000000, 0x0000000100000000)
  region size 1024K, 1 young (1024K), 1 survivors (1024K)
 Metaspace       used 126873K, capacity 131370K, committed 131568K, reserved 1163264K
  class space    used 15463K, capacity 17091K, committed 17100K, reserved 1048576K
}

